[2020-04-12 21:42:59] [INFO ] [com.creams.temo.temoWebApplication:55] -- Starting temoWebApplication on haoqiang with PID 6591 (/Users/zhenghaoqiang/aojiang/myproject/temonewserver/temo-web/target/classes started by zhenghaoqiang in /Users/zhenghaoqiang/aojiang/myproject/temonewserver)
[2020-04-12 21:42:59] [INFO ] [com.creams.temo.temoWebApplication:651] -- No active profile set, falling back to default profiles: default
[2020-04-12 21:43:00] [INFO ] [org.springframework.boot.web.embedded.tomcat.TomcatWebServer:92] -- Tomcat initialized with port(s): 8096 (http)
[2020-04-12 21:43:00] [INFO ] [org.apache.coyote.http11.Http11NioProtocol:173] -- Initializing ProtocolHandler ["http-nio-8096"]
[2020-04-12 21:43:00] [INFO ] [org.apache.catalina.core.StandardService:173] -- Starting service [Tomcat]
[2020-04-12 21:43:00] [INFO ] [org.apache.catalina.core.StandardEngine:173] -- Starting Servlet engine: [Apache Tomcat/9.0.33]
[2020-04-12 21:43:00] [INFO ] [org.apache.catalina.core.ContainerBase.[Tomcat].[localhost].[/]:173] -- Initializing Spring embedded WebApplicationContext
[2020-04-12 21:43:00] [INFO ] [org.springframework.web.context.ContextLoader:284] -- Root WebApplicationContext: initialization completed in 1217 ms
[2020-04-12 21:43:01] [INFO ] [org.springframework.scheduling.concurrent.ThreadPoolTaskExecutor:181] -- Initializing ExecutorService 'applicationTaskExecutor'
[2020-04-12 21:43:01] [INFO ] [org.apache.coyote.http11.Http11NioProtocol:173] -- Starting ProtocolHandler ["http-nio-8096"]
[2020-04-12 21:43:01] [INFO ] [org.springframework.boot.web.embedded.tomcat.TomcatWebServer:204] -- Tomcat started on port(s): 8096 (http) with context path ''
[2020-04-12 21:43:01] [INFO ] [com.creams.temo.temoWebApplication:61] -- Started temoWebApplication in 2.541 seconds (JVM running for 3.176)
[2020-04-12 21:43:22] [INFO ] [org.apache.catalina.core.ContainerBase.[Tomcat].[localhost].[/]:173] -- Initializing Spring DispatcherServlet 'dispatcherServlet'
[2020-04-12 21:43:22] [INFO ] [org.springframework.web.servlet.DispatcherServlet:525] -- Initializing Servlet 'dispatcherServlet'
[2020-04-12 21:43:22] [INFO ] [org.springframework.web.servlet.DispatcherServlet:547] -- Completed initialization in 5 ms
[2020-04-12 21:44:29] [INFO ] [org.springframework.scheduling.concurrent.ThreadPoolTaskExecutor:218] -- Shutting down ExecutorService 'applicationTaskExecutor'
[2020-04-12 21:44:33] [INFO ] [com.creams.temo.temoWebApplication:55] -- Starting temoWebApplication on haoqiang with PID 6601 (/Users/zhenghaoqiang/aojiang/myproject/temonewserver/temo-web/target/classes started by zhenghaoqiang in /Users/zhenghaoqiang/aojiang/myproject/temonewserver)
[2020-04-12 21:44:33] [INFO ] [com.creams.temo.temoWebApplication:651] -- No active profile set, falling back to default profiles: default
[2020-04-12 21:44:34] [INFO ] [org.springframework.boot.web.embedded.tomcat.TomcatWebServer:92] -- Tomcat initialized with port(s): 8096 (http)
[2020-04-12 21:44:34] [INFO ] [org.apache.coyote.http11.Http11NioProtocol:173] -- Initializing ProtocolHandler ["http-nio-8096"]
[2020-04-12 21:44:34] [INFO ] [org.apache.catalina.core.StandardService:173] -- Starting service [Tomcat]
[2020-04-12 21:44:34] [INFO ] [org.apache.catalina.core.StandardEngine:173] -- Starting Servlet engine: [Apache Tomcat/9.0.33]
[2020-04-12 21:44:34] [INFO ] [org.apache.catalina.core.ContainerBase.[Tomcat].[localhost].[/]:173] -- Initializing Spring embedded WebApplicationContext
[2020-04-12 21:44:34] [INFO ] [org.springframework.web.context.ContextLoader:284] -- Root WebApplicationContext: initialization completed in 1172 ms
[2020-04-12 21:44:34] [INFO ] [org.springframework.scheduling.concurrent.ThreadPoolTaskExecutor:181] -- Initializing ExecutorService 'applicationTaskExecutor'
[2020-04-12 21:44:34] [INFO ] [org.apache.coyote.http11.Http11NioProtocol:173] -- Starting ProtocolHandler ["http-nio-8096"]
[2020-04-12 21:44:34] [INFO ] [org.springframework.boot.web.embedded.tomcat.TomcatWebServer:204] -- Tomcat started on port(s): 8096 (http) with context path ''
[2020-04-12 21:44:34] [INFO ] [com.creams.temo.temoWebApplication:61] -- Started temoWebApplication in 2.475 seconds (JVM running for 3.117)
[2020-04-12 21:44:39] [INFO ] [org.apache.catalina.core.ContainerBase.[Tomcat].[localhost].[/]:173] -- Initializing Spring DispatcherServlet 'dispatcherServlet'
[2020-04-12 21:44:39] [INFO ] [org.springframework.web.servlet.DispatcherServlet:525] -- Initializing Servlet 'dispatcherServlet'
[2020-04-12 21:44:39] [INFO ] [org.springframework.web.servlet.DispatcherServlet:547] -- Completed initialization in 8 ms
[2020-04-12 21:46:14] [INFO ] [org.springframework.scheduling.concurrent.ThreadPoolTaskExecutor:218] -- Shutting down ExecutorService 'applicationTaskExecutor'
[2020-04-12 21:47:15] [INFO ] [com.creams.temo.temoWebApplication:55] -- Starting temoWebApplication on haoqiang with PID 6615 (/Users/zhenghaoqiang/aojiang/myproject/temonewserver/temo-web/target/classes started by zhenghaoqiang in /Users/zhenghaoqiang/aojiang/myproject/temonewserver)
[2020-04-12 21:47:15] [INFO ] [com.creams.temo.temoWebApplication:651] -- No active profile set, falling back to default profiles: default
[2020-04-12 21:47:17] [INFO ] [org.springframework.boot.web.embedded.tomcat.TomcatWebServer:92] -- Tomcat initialized with port(s): 8096 (http)
[2020-04-12 21:47:17] [INFO ] [org.apache.coyote.http11.Http11NioProtocol:173] -- Initializing ProtocolHandler ["http-nio-8096"]
[2020-04-12 21:47:17] [INFO ] [org.apache.catalina.core.StandardService:173] -- Starting service [Tomcat]
[2020-04-12 21:47:17] [INFO ] [org.apache.catalina.core.StandardEngine:173] -- Starting Servlet engine: [Apache Tomcat/9.0.33]
[2020-04-12 21:47:17] [INFO ] [org.apache.catalina.core.ContainerBase.[Tomcat].[localhost].[/]:173] -- Initializing Spring embedded WebApplicationContext
[2020-04-12 21:47:17] [INFO ] [org.springframework.web.context.ContextLoader:284] -- Root WebApplicationContext: initialization completed in 1053 ms
[2020-04-12 21:47:17] [INFO ] [org.springframework.scheduling.concurrent.ThreadPoolTaskExecutor:181] -- Initializing ExecutorService 'applicationTaskExecutor'
[2020-04-12 21:47:17] [INFO ] [org.apache.coyote.http11.Http11NioProtocol:173] -- Starting ProtocolHandler ["http-nio-8096"]
[2020-04-12 21:47:17] [INFO ] [org.springframework.boot.web.embedded.tomcat.TomcatWebServer:204] -- Tomcat started on port(s): 8096 (http) with context path ''
[2020-04-12 21:47:17] [INFO ] [com.creams.temo.temoWebApplication:61] -- Started temoWebApplication in 2.296 seconds (JVM running for 2.932)
[2020-04-12 21:47:33] [INFO ] [org.apache.catalina.core.ContainerBase.[Tomcat].[localhost].[/]:173] -- Initializing Spring DispatcherServlet 'dispatcherServlet'
[2020-04-12 21:47:33] [INFO ] [org.springframework.web.servlet.DispatcherServlet:525] -- Initializing Servlet 'dispatcherServlet'
[2020-04-12 21:47:33] [INFO ] [org.springframework.web.servlet.DispatcherServlet:547] -- Completed initialization in 6 ms
[2020-04-12 21:50:00] [INFO ] [org.springframework.scheduling.concurrent.ThreadPoolTaskExecutor:218] -- Shutting down ExecutorService 'applicationTaskExecutor'
[2020-04-12 21:53:09] [INFO ] [com.creams.temo.temoWebApplication:55] -- Starting temoWebApplication on haoqiang with PID 6653 (/Users/zhenghaoqiang/aojiang/myproject/temonewserver/temo-web/target/classes started by zhenghaoqiang in /Users/zhenghaoqiang/aojiang/myproject/temonewserver)
[2020-04-12 21:53:09] [INFO ] [com.creams.temo.temoWebApplication:651] -- No active profile set, falling back to default profiles: default
[2020-04-12 21:53:10] [INFO ] [org.springframework.boot.web.embedded.tomcat.TomcatWebServer:92] -- Tomcat initialized with port(s): 8096 (http)
[2020-04-12 21:53:10] [INFO ] [org.apache.coyote.http11.Http11NioProtocol:173] -- Initializing ProtocolHandler ["http-nio-8096"]
[2020-04-12 21:53:10] [INFO ] [org.apache.catalina.core.StandardService:173] -- Starting service [Tomcat]
[2020-04-12 21:53:10] [INFO ] [org.apache.catalina.core.StandardEngine:173] -- Starting Servlet engine: [Apache Tomcat/9.0.33]
[2020-04-12 21:53:10] [INFO ] [org.apache.catalina.core.ContainerBase.[Tomcat].[localhost].[/]:173] -- Initializing Spring embedded WebApplicationContext
[2020-04-12 21:53:10] [INFO ] [org.springframework.web.context.ContextLoader:284] -- Root WebApplicationContext: initialization completed in 1080 ms
[2020-04-12 21:53:10] [INFO ] [org.springframework.scheduling.concurrent.ThreadPoolTaskExecutor:181] -- Initializing ExecutorService 'applicationTaskExecutor'
[2020-04-12 21:53:10] [INFO ] [org.apache.coyote.http11.Http11NioProtocol:173] -- Starting ProtocolHandler ["http-nio-8096"]
[2020-04-12 21:53:11] [INFO ] [org.springframework.boot.web.embedded.tomcat.TomcatWebServer:204] -- Tomcat started on port(s): 8096 (http) with context path ''
[2020-04-12 21:53:11] [INFO ] [com.creams.temo.temoWebApplication:61] -- Started temoWebApplication in 2.378 seconds (JVM running for 3.044)
[2020-04-12 21:53:18] [INFO ] [org.apache.catalina.core.ContainerBase.[Tomcat].[localhost].[/]:173] -- Initializing Spring DispatcherServlet 'dispatcherServlet'
[2020-04-12 21:53:18] [INFO ] [org.springframework.web.servlet.DispatcherServlet:525] -- Initializing Servlet 'dispatcherServlet'
[2020-04-12 21:53:18] [INFO ] [org.springframework.web.servlet.DispatcherServlet:547] -- Completed initialization in 6 ms
[2020-04-12 21:54:10] [INFO ] [org.springframework.scheduling.concurrent.ThreadPoolTaskExecutor:218] -- Shutting down ExecutorService 'applicationTaskExecutor'
[2020-04-12 21:55:35] [INFO ] [com.creams.temo.temoWebApplication:55] -- Starting temoWebApplication on haoqiang with PID 6663 (/Users/zhenghaoqiang/aojiang/myproject/temonewserver/temo-web/target/classes started by zhenghaoqiang in /Users/zhenghaoqiang/aojiang/myproject/temonewserver)
[2020-04-12 21:55:35] [INFO ] [com.creams.temo.temoWebApplication:651] -- No active profile set, falling back to default profiles: default
[2020-04-12 21:55:36] [INFO ] [org.springframework.boot.web.embedded.tomcat.TomcatWebServer:92] -- Tomcat initialized with port(s): 8096 (http)
[2020-04-12 21:55:36] [INFO ] [org.apache.coyote.http11.Http11NioProtocol:173] -- Initializing ProtocolHandler ["http-nio-8096"]
[2020-04-12 21:55:36] [INFO ] [org.apache.catalina.core.StandardService:173] -- Starting service [Tomcat]
[2020-04-12 21:55:36] [INFO ] [org.apache.catalina.core.StandardEngine:173] -- Starting Servlet engine: [Apache Tomcat/9.0.33]
[2020-04-12 21:55:36] [INFO ] [org.apache.catalina.core.ContainerBase.[Tomcat].[localhost].[/]:173] -- Initializing Spring embedded WebApplicationContext
[2020-04-12 21:55:36] [INFO ] [org.springframework.web.context.ContextLoader:284] -- Root WebApplicationContext: initialization completed in 997 ms
[2020-04-12 21:55:37] [INFO ] [org.springframework.scheduling.concurrent.ThreadPoolTaskExecutor:181] -- Initializing ExecutorService 'applicationTaskExecutor'
[2020-04-12 21:55:37] [INFO ] [org.apache.coyote.http11.Http11NioProtocol:173] -- Starting ProtocolHandler ["http-nio-8096"]
[2020-04-12 21:55:37] [INFO ] [org.springframework.boot.web.embedded.tomcat.TomcatWebServer:204] -- Tomcat started on port(s): 8096 (http) with context path ''
[2020-04-12 21:55:37] [INFO ] [com.creams.temo.temoWebApplication:61] -- Started temoWebApplication in 2.227 seconds (JVM running for 2.906)
[2020-04-12 21:55:49] [INFO ] [org.apache.catalina.core.ContainerBase.[Tomcat].[localhost].[/]:173] -- Initializing Spring DispatcherServlet 'dispatcherServlet'
[2020-04-12 21:55:49] [INFO ] [org.springframework.web.servlet.DispatcherServlet:525] -- Initializing Servlet 'dispatcherServlet'
[2020-04-12 21:55:49] [INFO ] [org.springframework.web.servlet.DispatcherServlet:547] -- Completed initialization in 7 ms
[2020-04-12 21:57:35] [INFO ] [org.springframework.scheduling.concurrent.ThreadPoolTaskExecutor:218] -- Shutting down ExecutorService 'applicationTaskExecutor'
[2020-04-12 21:57:37] [INFO ] [com.creams.temo.temoWebApplication:55] -- Starting temoWebApplication on haoqiang with PID 6671 (/Users/zhenghaoqiang/aojiang/myproject/temonewserver/temo-web/target/classes started by zhenghaoqiang in /Users/zhenghaoqiang/aojiang/myproject/temonewserver)
[2020-04-12 21:57:37] [INFO ] [com.creams.temo.temoWebApplication:651] -- No active profile set, falling back to default profiles: default
[2020-04-12 21:57:38] [INFO ] [org.springframework.boot.web.embedded.tomcat.TomcatWebServer:92] -- Tomcat initialized with port(s): 8096 (http)
[2020-04-12 21:57:38] [INFO ] [org.apache.coyote.http11.Http11NioProtocol:173] -- Initializing ProtocolHandler ["http-nio-8096"]
[2020-04-12 21:57:38] [INFO ] [org.apache.catalina.core.StandardService:173] -- Starting service [Tomcat]
[2020-04-12 21:57:38] [INFO ] [org.apache.catalina.core.StandardEngine:173] -- Starting Servlet engine: [Apache Tomcat/9.0.33]
[2020-04-12 21:57:38] [INFO ] [org.apache.catalina.core.ContainerBase.[Tomcat].[localhost].[/]:173] -- Initializing Spring embedded WebApplicationContext
[2020-04-12 21:57:38] [INFO ] [org.springframework.web.context.ContextLoader:284] -- Root WebApplicationContext: initialization completed in 912 ms
[2020-04-12 21:57:39] [INFO ] [org.springframework.scheduling.concurrent.ThreadPoolTaskExecutor:181] -- Initializing ExecutorService 'applicationTaskExecutor'
[2020-04-12 21:57:39] [INFO ] [org.apache.coyote.http11.Http11NioProtocol:173] -- Starting ProtocolHandler ["http-nio-8096"]
[2020-04-12 21:57:39] [INFO ] [org.springframework.boot.web.embedded.tomcat.TomcatWebServer:204] -- Tomcat started on port(s): 8096 (http) with context path ''
[2020-04-12 21:57:39] [INFO ] [com.creams.temo.temoWebApplication:61] -- Started temoWebApplication in 2.143 seconds (JVM running for 2.759)
[2020-04-12 21:57:43] [INFO ] [org.apache.catalina.core.ContainerBase.[Tomcat].[localhost].[/]:173] -- Initializing Spring DispatcherServlet 'dispatcherServlet'
[2020-04-12 21:57:43] [INFO ] [org.springframework.web.servlet.DispatcherServlet:525] -- Initializing Servlet 'dispatcherServlet'
[2020-04-12 21:57:43] [INFO ] [org.springframework.web.servlet.DispatcherServlet:547] -- Completed initialization in 6 ms
[2020-04-12 22:00:02] [INFO ] [org.springframework.scheduling.concurrent.ThreadPoolTaskExecutor:218] -- Shutting down ExecutorService 'applicationTaskExecutor'
[2020-04-12 22:01:04] [INFO ] [com.creams.temo.temoWebApplication:55] -- Starting temoWebApplication on haoqiang with PID 6687 (/Users/zhenghaoqiang/aojiang/myproject/temonewserver/temo-web/target/classes started by zhenghaoqiang in /Users/zhenghaoqiang/aojiang/myproject/temonewserver)
[2020-04-12 22:01:04] [INFO ] [com.creams.temo.temoWebApplication:651] -- No active profile set, falling back to default profiles: default
[2020-04-12 22:01:05] [INFO ] [org.springframework.boot.web.embedded.tomcat.TomcatWebServer:92] -- Tomcat initialized with port(s): 8096 (http)
[2020-04-12 22:01:05] [INFO ] [org.apache.coyote.http11.Http11NioProtocol:173] -- Initializing ProtocolHandler ["http-nio-8096"]
[2020-04-12 22:01:05] [INFO ] [org.apache.catalina.core.StandardService:173] -- Starting service [Tomcat]
[2020-04-12 22:01:05] [INFO ] [org.apache.catalina.core.StandardEngine:173] -- Starting Servlet engine: [Apache Tomcat/9.0.33]
[2020-04-12 22:01:05] [INFO ] [org.apache.catalina.core.ContainerBase.[Tomcat].[localhost].[/]:173] -- Initializing Spring embedded WebApplicationContext
[2020-04-12 22:01:05] [INFO ] [org.springframework.web.context.ContextLoader:284] -- Root WebApplicationContext: initialization completed in 972 ms
[2020-04-12 22:01:05] [INFO ] [org.springframework.scheduling.concurrent.ThreadPoolTaskExecutor:181] -- Initializing ExecutorService 'applicationTaskExecutor'
[2020-04-12 22:01:05] [INFO ] [org.apache.coyote.http11.Http11NioProtocol:173] -- Starting ProtocolHandler ["http-nio-8096"]
[2020-04-12 22:01:05] [INFO ] [org.springframework.boot.web.embedded.tomcat.TomcatWebServer:204] -- Tomcat started on port(s): 8096 (http) with context path ''
[2020-04-12 22:01:05] [INFO ] [com.creams.temo.temoWebApplication:61] -- Started temoWebApplication in 2.111 seconds (JVM running for 2.708)
[2020-04-12 22:01:11] [INFO ] [org.apache.catalina.core.ContainerBase.[Tomcat].[localhost].[/]:173] -- Initializing Spring DispatcherServlet 'dispatcherServlet'
[2020-04-12 22:01:11] [INFO ] [org.springframework.web.servlet.DispatcherServlet:525] -- Initializing Servlet 'dispatcherServlet'
[2020-04-12 22:01:11] [INFO ] [org.springframework.web.servlet.DispatcherServlet:547] -- Completed initialization in 7 ms
[2020-04-12 22:03:11] [INFO ] [org.springframework.scheduling.concurrent.ThreadPoolTaskExecutor:218] -- Shutting down ExecutorService 'applicationTaskExecutor'
[2020-04-12 22:03:17] [INFO ] [com.creams.temo.temoWebApplication:55] -- Starting temoWebApplication on haoqiang with PID 6708 (/Users/zhenghaoqiang/aojiang/myproject/temonewserver/temo-web/target/classes started by zhenghaoqiang in /Users/zhenghaoqiang/aojiang/myproject/temonewserver)
[2020-04-12 22:03:17] [INFO ] [com.creams.temo.temoWebApplication:651] -- No active profile set, falling back to default profiles: default
[2020-04-12 22:03:18] [INFO ] [org.springframework.boot.web.embedded.tomcat.TomcatWebServer:92] -- Tomcat initialized with port(s): 8096 (http)
[2020-04-12 22:03:18] [INFO ] [org.apache.coyote.http11.Http11NioProtocol:173] -- Initializing ProtocolHandler ["http-nio-8096"]
[2020-04-12 22:03:18] [INFO ] [org.apache.catalina.core.StandardService:173] -- Starting service [Tomcat]
[2020-04-12 22:03:18] [INFO ] [org.apache.catalina.core.StandardEngine:173] -- Starting Servlet engine: [Apache Tomcat/9.0.33]
[2020-04-12 22:03:18] [INFO ] [org.apache.catalina.core.ContainerBase.[Tomcat].[localhost].[/]:173] -- Initializing Spring embedded WebApplicationContext
[2020-04-12 22:03:18] [INFO ] [org.springframework.web.context.ContextLoader:284] -- Root WebApplicationContext: initialization completed in 952 ms
[2020-04-12 22:03:18] [INFO ] [org.springframework.scheduling.concurrent.ThreadPoolTaskExecutor:181] -- Initializing ExecutorService 'applicationTaskExecutor'
[2020-04-12 22:03:18] [INFO ] [org.apache.coyote.http11.Http11NioProtocol:173] -- Starting ProtocolHandler ["http-nio-8096"]
[2020-04-12 22:03:18] [INFO ] [org.springframework.boot.web.embedded.tomcat.TomcatWebServer:204] -- Tomcat started on port(s): 8096 (http) with context path ''
[2020-04-12 22:03:18] [INFO ] [com.creams.temo.temoWebApplication:61] -- Started temoWebApplication in 2.134 seconds (JVM running for 2.78)
[2020-04-12 22:03:22] [INFO ] [org.apache.catalina.core.ContainerBase.[Tomcat].[localhost].[/]:173] -- Initializing Spring DispatcherServlet 'dispatcherServlet'
[2020-04-12 22:03:22] [INFO ] [org.springframework.web.servlet.DispatcherServlet:525] -- Initializing Servlet 'dispatcherServlet'
[2020-04-12 22:03:22] [INFO ] [org.springframework.web.servlet.DispatcherServlet:547] -- Completed initialization in 6 ms
[2020-04-12 22:04:29] [INFO ] [org.springframework.scheduling.concurrent.ThreadPoolTaskExecutor:218] -- Shutting down ExecutorService 'applicationTaskExecutor'
[2020-04-12 22:04:32] [INFO ] [com.creams.temo.temoWebApplication:55] -- Starting temoWebApplication on haoqiang with PID 6714 (/Users/zhenghaoqiang/aojiang/myproject/temonewserver/temo-web/target/classes started by zhenghaoqiang in /Users/zhenghaoqiang/aojiang/myproject/temonewserver)
[2020-04-12 22:04:32] [INFO ] [com.creams.temo.temoWebApplication:651] -- No active profile set, falling back to default profiles: default
[2020-04-12 22:04:33] [INFO ] [org.springframework.boot.web.embedded.tomcat.TomcatWebServer:92] -- Tomcat initialized with port(s): 8096 (http)
[2020-04-12 22:04:33] [INFO ] [org.apache.coyote.http11.Http11NioProtocol:173] -- Initializing ProtocolHandler ["http-nio-8096"]
[2020-04-12 22:04:33] [INFO ] [org.apache.catalina.core.StandardService:173] -- Starting service [Tomcat]
[2020-04-12 22:04:33] [INFO ] [org.apache.catalina.core.StandardEngine:173] -- Starting Servlet engine: [Apache Tomcat/9.0.33]
[2020-04-12 22:04:33] [INFO ] [org.apache.catalina.core.ContainerBase.[Tomcat].[localhost].[/]:173] -- Initializing Spring embedded WebApplicationContext
[2020-04-12 22:04:33] [INFO ] [org.springframework.web.context.ContextLoader:284] -- Root WebApplicationContext: initialization completed in 880 ms
[2020-04-12 22:04:33] [INFO ] [org.springframework.scheduling.concurrent.ThreadPoolTaskExecutor:181] -- Initializing ExecutorService 'applicationTaskExecutor'
[2020-04-12 22:04:33] [INFO ] [org.apache.coyote.http11.Http11NioProtocol:173] -- Starting ProtocolHandler ["http-nio-8096"]
[2020-04-12 22:04:33] [INFO ] [org.springframework.boot.web.embedded.tomcat.TomcatWebServer:204] -- Tomcat started on port(s): 8096 (http) with context path ''
[2020-04-12 22:04:33] [INFO ] [com.creams.temo.temoWebApplication:61] -- Started temoWebApplication in 2.193 seconds (JVM running for 2.911)
[2020-04-12 22:04:38] [INFO ] [org.apache.catalina.core.ContainerBase.[Tomcat].[localhost].[/]:173] -- Initializing Spring DispatcherServlet 'dispatcherServlet'
[2020-04-12 22:04:38] [INFO ] [org.springframework.web.servlet.DispatcherServlet:525] -- Initializing Servlet 'dispatcherServlet'
[2020-04-12 22:04:38] [INFO ] [org.springframework.web.servlet.DispatcherServlet:547] -- Completed initialization in 6 ms
[2020-04-12 22:08:37] [INFO ] [org.springframework.scheduling.concurrent.ThreadPoolTaskExecutor:218] -- Shutting down ExecutorService 'applicationTaskExecutor'
[2020-04-12 22:09:10] [INFO ] [com.creams.temo.temoWebApplication:55] -- Starting temoWebApplication on haoqiang with PID 6725 (/Users/zhenghaoqiang/aojiang/myproject/temonewserver/temo-web/target/classes started by zhenghaoqiang in /Users/zhenghaoqiang/aojiang/myproject/temonewserver)
[2020-04-12 22:09:10] [INFO ] [com.creams.temo.temoWebApplication:651] -- No active profile set, falling back to default profiles: default
[2020-04-12 22:09:11] [INFO ] [org.springframework.boot.web.embedded.tomcat.TomcatWebServer:92] -- Tomcat initialized with port(s): 8096 (http)
[2020-04-12 22:09:11] [INFO ] [org.apache.coyote.http11.Http11NioProtocol:173] -- Initializing ProtocolHandler ["http-nio-8096"]
[2020-04-12 22:09:11] [INFO ] [org.apache.catalina.core.StandardService:173] -- Starting service [Tomcat]
[2020-04-12 22:09:11] [INFO ] [org.apache.catalina.core.StandardEngine:173] -- Starting Servlet engine: [Apache Tomcat/9.0.33]
[2020-04-12 22:09:11] [INFO ] [org.apache.catalina.core.ContainerBase.[Tomcat].[localhost].[/]:173] -- Initializing Spring embedded WebApplicationContext
[2020-04-12 22:09:11] [INFO ] [org.springframework.web.context.ContextLoader:284] -- Root WebApplicationContext: initialization completed in 1063 ms
[2020-04-12 22:09:11] [INFO ] [org.springframework.scheduling.concurrent.ThreadPoolTaskExecutor:181] -- Initializing ExecutorService 'applicationTaskExecutor'
[2020-04-12 22:09:11] [INFO ] [org.apache.coyote.http11.Http11NioProtocol:173] -- Starting ProtocolHandler ["http-nio-8096"]
[2020-04-12 22:09:11] [INFO ] [org.springframework.boot.web.embedded.tomcat.TomcatWebServer:204] -- Tomcat started on port(s): 8096 (http) with context path ''
[2020-04-12 22:09:11] [INFO ] [com.creams.temo.temoWebApplication:61] -- Started temoWebApplication in 2.261 seconds (JVM running for 2.886)
[2020-04-12 22:09:23] [INFO ] [org.apache.catalina.core.ContainerBase.[Tomcat].[localhost].[/]:173] -- Initializing Spring DispatcherServlet 'dispatcherServlet'
[2020-04-12 22:09:23] [INFO ] [org.springframework.web.servlet.DispatcherServlet:525] -- Initializing Servlet 'dispatcherServlet'
[2020-04-12 22:09:23] [INFO ] [org.springframework.web.servlet.DispatcherServlet:547] -- Completed initialization in 7 ms
[2020-04-12 22:09:55] [INFO ] [org.springframework.scheduling.concurrent.ThreadPoolTaskExecutor:218] -- Shutting down ExecutorService 'applicationTaskExecutor'
[2020-04-12 22:11:03] [INFO ] [com.creams.temo.temoWebApplication:55] -- Starting temoWebApplication on haoqiang with PID 6746 (/Users/zhenghaoqiang/aojiang/myproject/temonewserver/temo-web/target/classes started by zhenghaoqiang in /Users/zhenghaoqiang/aojiang/myproject/temonewserver)
[2020-04-12 22:11:03] [INFO ] [com.creams.temo.temoWebApplication:651] -- No active profile set, falling back to default profiles: default
[2020-04-12 22:11:04] [INFO ] [org.springframework.boot.web.embedded.tomcat.TomcatWebServer:92] -- Tomcat initialized with port(s): 8096 (http)
[2020-04-12 22:11:04] [INFO ] [org.apache.coyote.http11.Http11NioProtocol:173] -- Initializing ProtocolHandler ["http-nio-8096"]
[2020-04-12 22:11:04] [INFO ] [org.apache.catalina.core.StandardService:173] -- Starting service [Tomcat]
[2020-04-12 22:11:04] [INFO ] [org.apache.catalina.core.StandardEngine:173] -- Starting Servlet engine: [Apache Tomcat/9.0.33]
[2020-04-12 22:11:04] [INFO ] [org.apache.catalina.core.ContainerBase.[Tomcat].[localhost].[/]:173] -- Initializing Spring embedded WebApplicationContext
[2020-04-12 22:11:04] [INFO ] [org.springframework.web.context.ContextLoader:284] -- Root WebApplicationContext: initialization completed in 1036 ms
[2020-04-12 22:11:04] [INFO ] [org.springframework.scheduling.concurrent.ThreadPoolTaskExecutor:181] -- Initializing ExecutorService 'applicationTaskExecutor'
[2020-04-12 22:11:04] [INFO ] [org.apache.coyote.http11.Http11NioProtocol:173] -- Starting ProtocolHandler ["http-nio-8096"]
[2020-04-12 22:11:04] [INFO ] [org.springframework.boot.web.embedded.tomcat.TomcatWebServer:204] -- Tomcat started on port(s): 8096 (http) with context path ''
[2020-04-12 22:11:04] [INFO ] [com.creams.temo.temoWebApplication:61] -- Started temoWebApplication in 2.429 seconds (JVM running for 3.111)
[2020-04-12 22:12:09] [INFO ] [org.springframework.scheduling.concurrent.ThreadPoolTaskExecutor:218] -- Shutting down ExecutorService 'applicationTaskExecutor'
[2020-04-12 22:13:07] [INFO ] [com.creams.temo.temoWebApplication:55] -- Starting temoWebApplication on haoqiang with PID 6752 (/Users/zhenghaoqiang/aojiang/myproject/temonewserver/temo-web/target/classes started by zhenghaoqiang in /Users/zhenghaoqiang/aojiang/myproject/temonewserver)
[2020-04-12 22:13:07] [INFO ] [com.creams.temo.temoWebApplication:651] -- No active profile set, falling back to default profiles: default
[2020-04-12 22:13:08] [INFO ] [org.springframework.boot.web.embedded.tomcat.TomcatWebServer:92] -- Tomcat initialized with port(s): 8096 (http)
[2020-04-12 22:13:08] [INFO ] [org.apache.coyote.http11.Http11NioProtocol:173] -- Initializing ProtocolHandler ["http-nio-8096"]
[2020-04-12 22:13:08] [INFO ] [org.apache.catalina.core.StandardService:173] -- Starting service [Tomcat]
[2020-04-12 22:13:08] [INFO ] [org.apache.catalina.core.StandardEngine:173] -- Starting Servlet engine: [Apache Tomcat/9.0.33]
[2020-04-12 22:13:08] [INFO ] [org.apache.catalina.core.ContainerBase.[Tomcat].[localhost].[/]:173] -- Initializing Spring embedded WebApplicationContext
[2020-04-12 22:13:08] [INFO ] [org.springframework.web.context.ContextLoader:284] -- Root WebApplicationContext: initialization completed in 922 ms
[2020-04-12 22:13:08] [INFO ] [org.springframework.scheduling.concurrent.ThreadPoolTaskExecutor:181] -- Initializing ExecutorService 'applicationTaskExecutor'
[2020-04-12 22:13:08] [INFO ] [org.apache.coyote.http11.Http11NioProtocol:173] -- Starting ProtocolHandler ["http-nio-8096"]
[2020-04-12 22:13:08] [INFO ] [org.springframework.boot.web.embedded.tomcat.TomcatWebServer:204] -- Tomcat started on port(s): 8096 (http) with context path ''
[2020-04-12 22:13:08] [INFO ] [com.creams.temo.temoWebApplication:61] -- Started temoWebApplication in 2.352 seconds (JVM running for 2.971)
[2020-04-12 22:13:14] [INFO ] [org.apache.catalina.core.ContainerBase.[Tomcat].[localhost].[/]:173] -- Initializing Spring DispatcherServlet 'dispatcherServlet'
[2020-04-12 22:13:14] [INFO ] [org.springframework.web.servlet.DispatcherServlet:525] -- Initializing Servlet 'dispatcherServlet'
[2020-04-12 22:13:14] [INFO ] [org.springframework.web.servlet.DispatcherServlet:547] -- Completed initialization in 6 ms
[2020-04-12 22:13:22] [INFO ] [com.alibaba.druid.pool.DruidDataSource:106] -- {dataSource-1} inited
[2020-04-12 22:14:12] [INFO ] [org.springframework.scheduling.concurrent.ThreadPoolTaskExecutor:218] -- Shutting down ExecutorService 'applicationTaskExecutor'
[2020-04-12 22:14:12] [INFO ] [com.alibaba.druid.pool.DruidDataSource:106] -- {dataSource-1} closed
[2020-04-12 22:15:26] [INFO ] [com.creams.temo.temoWebApplication:55] -- Starting temoWebApplication on haoqiang with PID 6776 (/Users/zhenghaoqiang/aojiang/myproject/temonewserver/temo-web/target/classes started by zhenghaoqiang in /Users/zhenghaoqiang/aojiang/myproject/temonewserver)
[2020-04-12 22:15:26] [INFO ] [com.creams.temo.temoWebApplication:651] -- No active profile set, falling back to default profiles: default
[2020-04-12 22:15:27] [INFO ] [org.springframework.boot.web.embedded.tomcat.TomcatWebServer:92] -- Tomcat initialized with port(s): 8096 (http)
[2020-04-12 22:15:27] [INFO ] [org.apache.coyote.http11.Http11NioProtocol:173] -- Initializing ProtocolHandler ["http-nio-8096"]
[2020-04-12 22:15:27] [INFO ] [org.apache.catalina.core.StandardService:173] -- Starting service [Tomcat]
[2020-04-12 22:15:27] [INFO ] [org.apache.catalina.core.StandardEngine:173] -- Starting Servlet engine: [Apache Tomcat/9.0.33]
[2020-04-12 22:15:27] [INFO ] [org.apache.catalina.core.ContainerBase.[Tomcat].[localhost].[/]:173] -- Initializing Spring embedded WebApplicationContext
[2020-04-12 22:15:27] [INFO ] [org.springframework.web.context.ContextLoader:284] -- Root WebApplicationContext: initialization completed in 1002 ms
[2020-04-12 22:15:27] [INFO ] [org.springframework.scheduling.concurrent.ThreadPoolTaskExecutor:181] -- Initializing ExecutorService 'applicationTaskExecutor'
[2020-04-12 22:15:27] [INFO ] [org.apache.coyote.http11.Http11NioProtocol:173] -- Starting ProtocolHandler ["http-nio-8096"]
[2020-04-12 22:15:27] [INFO ] [org.springframework.boot.web.embedded.tomcat.TomcatWebServer:204] -- Tomcat started on port(s): 8096 (http) with context path ''
[2020-04-12 22:15:27] [INFO ] [com.creams.temo.temoWebApplication:61] -- Started temoWebApplication in 2.411 seconds (JVM running for 3.214)
[2020-04-12 22:15:32] [INFO ] [org.apache.catalina.core.ContainerBase.[Tomcat].[localhost].[/]:173] -- Initializing Spring DispatcherServlet 'dispatcherServlet'
[2020-04-12 22:15:32] [INFO ] [org.springframework.web.servlet.DispatcherServlet:525] -- Initializing Servlet 'dispatcherServlet'
[2020-04-12 22:15:32] [INFO ] [org.springframework.web.servlet.DispatcherServlet:547] -- Completed initialization in 7 ms
[2020-04-12 22:15:36] [INFO ] [com.alibaba.druid.pool.DruidDataSource:106] -- {dataSource-1} inited
[2020-04-12 22:15:53] [INFO ] [org.springframework.scheduling.concurrent.ThreadPoolTaskExecutor:218] -- Shutting down ExecutorService 'applicationTaskExecutor'
[2020-04-12 22:15:53] [INFO ] [com.alibaba.druid.pool.DruidDataSource:106] -- {dataSource-1} closed
