[2020-04-13 19:28:30] [INFO ] [com.creams.temo.temoWebApplication:55] -- Starting temoWebApplication on haoqiang with PID 17965 (/Users/zhenghaoqiang/aojiang/myproject/temonewserver/temo-web/target/classes started by zhenghaoqiang in /Users/zhenghaoqiang/aojiang/myproject/temonewserver)
[2020-04-13 19:28:30] [INFO ] [com.creams.temo.temoWebApplication:651] -- No active profile set, falling back to default profiles: default
[2020-04-13 19:28:32] [INFO ] [org.springframework.boot.web.embedded.tomcat.TomcatWebServer:92] -- Tomcat initialized with port(s): 8096 (http)
[2020-04-13 19:28:32] [INFO ] [org.apache.coyote.http11.Http11NioProtocol:173] -- Initializing ProtocolHandler ["http-nio-8096"]
[2020-04-13 19:28:32] [INFO ] [org.apache.catalina.core.StandardService:173] -- Starting service [Tomcat]
[2020-04-13 19:28:32] [INFO ] [org.apache.catalina.core.StandardEngine:173] -- Starting Servlet engine: [Apache Tomcat/9.0.33]
[2020-04-13 19:28:32] [INFO ] [org.apache.catalina.core.ContainerBase.[Tomcat].[localhost].[/]:173] -- Initializing Spring embedded WebApplicationContext
[2020-04-13 19:28:32] [INFO ] [org.springframework.web.context.ContextLoader:284] -- Root WebApplicationContext: initialization completed in 1147 ms
[2020-04-13 19:28:32] [INFO ] [org.springframework.scheduling.concurrent.ThreadPoolTaskExecutor:181] -- Initializing ExecutorService 'applicationTaskExecutor'
[2020-04-13 19:28:32] [INFO ] [org.apache.coyote.http11.Http11NioProtocol:173] -- Starting ProtocolHandler ["http-nio-8096"]
[2020-04-13 19:28:32] [INFO ] [org.springframework.boot.web.embedded.tomcat.TomcatWebServer:204] -- Tomcat started on port(s): 8096 (http) with context path ''
[2020-04-13 19:28:32] [INFO ] [com.creams.temo.temoWebApplication:61] -- Started temoWebApplication in 2.73 seconds (JVM running for 3.47)
[2020-04-13 19:31:47] [INFO ] [org.apache.catalina.core.ContainerBase.[Tomcat].[localhost].[/]:173] -- Initializing Spring DispatcherServlet 'dispatcherServlet'
[2020-04-13 19:31:47] [INFO ] [org.springframework.web.servlet.DispatcherServlet:525] -- Initializing Servlet 'dispatcherServlet'
[2020-04-13 19:31:47] [INFO ] [org.springframework.web.servlet.DispatcherServlet:547] -- Completed initialization in 15 ms
[2020-04-13 19:35:26] [INFO ] [org.springframework.scheduling.concurrent.ThreadPoolTaskExecutor:218] -- Shutting down ExecutorService 'applicationTaskExecutor'
[2020-04-13 19:40:44] [INFO ] [com.creams.temo.temoWebApplication:55] -- Starting temoWebApplication on haoqiang with PID 18083 (/Users/zhenghaoqiang/aojiang/myproject/temonewserver/temo-web/target/classes started by zhenghaoqiang in /Users/zhenghaoqiang/aojiang/myproject/temonewserver)
[2020-04-13 19:40:44] [INFO ] [com.creams.temo.temoWebApplication:651] -- No active profile set, falling back to default profiles: default
[2020-04-13 19:40:45] [INFO ] [org.springframework.boot.web.embedded.tomcat.TomcatWebServer:92] -- Tomcat initialized with port(s): 8096 (http)
[2020-04-13 19:40:45] [INFO ] [org.apache.coyote.http11.Http11NioProtocol:173] -- Initializing ProtocolHandler ["http-nio-8096"]
[2020-04-13 19:40:45] [INFO ] [org.apache.catalina.core.StandardService:173] -- Starting service [Tomcat]
[2020-04-13 19:40:45] [INFO ] [org.apache.catalina.core.StandardEngine:173] -- Starting Servlet engine: [Apache Tomcat/9.0.33]
[2020-04-13 19:40:45] [INFO ] [org.apache.catalina.core.ContainerBase.[Tomcat].[localhost].[/]:173] -- Initializing Spring embedded WebApplicationContext
[2020-04-13 19:40:45] [INFO ] [org.springframework.web.context.ContextLoader:284] -- Root WebApplicationContext: initialization completed in 1206 ms
[2020-04-13 19:40:46] [INFO ] [org.springframework.scheduling.concurrent.ThreadPoolTaskExecutor:181] -- Initializing ExecutorService 'applicationTaskExecutor'
[2020-04-13 19:40:46] [INFO ] [org.apache.coyote.http11.Http11NioProtocol:173] -- Starting ProtocolHandler ["http-nio-8096"]
[2020-04-13 19:40:46] [INFO ] [org.springframework.boot.web.embedded.tomcat.TomcatWebServer:204] -- Tomcat started on port(s): 8096 (http) with context path ''
[2020-04-13 19:40:46] [INFO ] [com.creams.temo.temoWebApplication:61] -- Started temoWebApplication in 2.757 seconds (JVM running for 3.403)
[2020-04-13 19:40:50] [INFO ] [org.apache.catalina.core.ContainerBase.[Tomcat].[localhost].[/]:173] -- Initializing Spring DispatcherServlet 'dispatcherServlet'
[2020-04-13 19:40:50] [INFO ] [org.springframework.web.servlet.DispatcherServlet:525] -- Initializing Servlet 'dispatcherServlet'
[2020-04-13 19:40:50] [INFO ] [org.springframework.web.servlet.DispatcherServlet:547] -- Completed initialization in 6 ms
[2020-04-13 19:42:16] [INFO ] [org.springframework.scheduling.concurrent.ThreadPoolTaskExecutor:218] -- Shutting down ExecutorService 'applicationTaskExecutor'
[2020-04-13 20:20:03] [INFO ] [com.creams.temo.temoWebApplication:55] -- Starting temoWebApplication on haoqiang with PID 18367 (/Users/zhenghaoqiang/aojiang/myproject/temonewserver/temo-web/target/classes started by zhenghaoqiang in /Users/zhenghaoqiang/aojiang/myproject/temonewserver)
[2020-04-13 20:20:03] [INFO ] [com.creams.temo.temoWebApplication:651] -- No active profile set, falling back to default profiles: default
[2020-04-13 20:20:04] [INFO ] [org.springframework.context.support.PostProcessorRegistrationDelegate$BeanPostProcessorChecker:330] -- Bean 'shiroConfig' of type [com.creams.temo.config.ShiroConfig$$EnhancerBySpringCGLIB$$701c4101] is not eligible for getting processed by all BeanPostProcessors (for example: not eligible for auto-proxying)
[2020-04-13 20:20:05] [INFO ] [org.springframework.context.support.PostProcessorRegistrationDelegate$BeanPostProcessorChecker:330] -- Bean 'mybatis-org.mybatis.spring.boot.autoconfigure.MybatisProperties' of type [org.mybatis.spring.boot.autoconfigure.MybatisProperties] is not eligible for getting processed by all BeanPostProcessors (for example: not eligible for auto-proxying)
[2020-04-13 20:20:05] [INFO ] [org.springframework.context.support.PostProcessorRegistrationDelegate$BeanPostProcessorChecker:330] -- Bean 'org.mybatis.spring.boot.autoconfigure.MybatisAutoConfiguration' of type [org.mybatis.spring.boot.autoconfigure.MybatisAutoConfiguration$$EnhancerBySpringCGLIB$$59a0c57a] is not eligible for getting processed by all BeanPostProcessors (for example: not eligible for auto-proxying)
[2020-04-13 20:20:05] [INFO ] [org.springframework.context.support.PostProcessorRegistrationDelegate$BeanPostProcessorChecker:330] -- Bean 'org.springframework.boot.autoconfigure.jdbc.DataSourceConfiguration$Generic' of type [org.springframework.boot.autoconfigure.jdbc.DataSourceConfiguration$Generic] is not eligible for getting processed by all BeanPostProcessors (for example: not eligible for auto-proxying)
[2020-04-13 20:20:05] [INFO ] [org.springframework.context.support.PostProcessorRegistrationDelegate$BeanPostProcessorChecker:330] -- Bean 'spring.datasource-org.springframework.boot.autoconfigure.jdbc.DataSourceProperties' of type [org.springframework.boot.autoconfigure.jdbc.DataSourceProperties] is not eligible for getting processed by all BeanPostProcessors (for example: not eligible for auto-proxying)
[2020-04-13 20:20:05] [INFO ] [org.springframework.context.support.PostProcessorRegistrationDelegate$BeanPostProcessorChecker:330] -- Bean 'dataSource' of type [com.alibaba.druid.pool.DruidDataSource] is not eligible for getting processed by all BeanPostProcessors (for example: not eligible for auto-proxying)
[2020-04-13 20:20:05] [INFO ] [org.springframework.context.support.PostProcessorRegistrationDelegate$BeanPostProcessorChecker:330] -- Bean 'sqlSessionFactory' of type [org.apache.ibatis.session.defaults.DefaultSqlSessionFactory] is not eligible for getting processed by all BeanPostProcessors (for example: not eligible for auto-proxying)
[2020-04-13 20:20:05] [INFO ] [org.springframework.context.support.PostProcessorRegistrationDelegate$BeanPostProcessorChecker:330] -- Bean 'sqlSessionTemplate' of type [org.mybatis.spring.SqlSessionTemplate] is not eligible for getting processed by all BeanPostProcessors (for example: not eligible for auto-proxying)
[2020-04-13 20:20:05] [INFO ] [org.springframework.context.support.PostProcessorRegistrationDelegate$BeanPostProcessorChecker:330] -- Bean 'userMapper' of type [org.mybatis.spring.mapper.MapperFactoryBean] is not eligible for getting processed by all BeanPostProcessors (for example: not eligible for auto-proxying)
[2020-04-13 20:20:05] [INFO ] [org.springframework.context.support.PostProcessorRegistrationDelegate$BeanPostProcessorChecker:330] -- Bean 'userMapper' of type [com.sun.proxy.$Proxy63] is not eligible for getting processed by all BeanPostProcessors (for example: not eligible for auto-proxying)
[2020-04-13 20:20:05] [INFO ] [org.springframework.context.support.PostProcessorRegistrationDelegate$BeanPostProcessorChecker:330] -- Bean 'permissionsMapper' of type [org.mybatis.spring.mapper.MapperFactoryBean] is not eligible for getting processed by all BeanPostProcessors (for example: not eligible for auto-proxying)
[2020-04-13 20:20:05] [INFO ] [org.springframework.context.support.PostProcessorRegistrationDelegate$BeanPostProcessorChecker:330] -- Bean 'permissionsMapper' of type [com.sun.proxy.$Proxy64] is not eligible for getting processed by all BeanPostProcessors (for example: not eligible for auto-proxying)
[2020-04-13 20:20:05] [INFO ] [org.springframework.context.support.PostProcessorRegistrationDelegate$BeanPostProcessorChecker:330] -- Bean 'roleMapper' of type [org.mybatis.spring.mapper.MapperFactoryBean] is not eligible for getting processed by all BeanPostProcessors (for example: not eligible for auto-proxying)
[2020-04-13 20:20:05] [INFO ] [org.springframework.context.support.PostProcessorRegistrationDelegate$BeanPostProcessorChecker:330] -- Bean 'roleMapper' of type [com.sun.proxy.$Proxy65] is not eligible for getting processed by all BeanPostProcessors (for example: not eligible for auto-proxying)
[2020-04-13 20:20:05] [INFO ] [org.springframework.context.support.PostProcessorRegistrationDelegate$BeanPostProcessorChecker:330] -- Bean 'userServerImpl' of type [com.creams.temo.biz.bizImpl.UserServerImpl] is not eligible for getting processed by all BeanPostProcessors (for example: not eligible for auto-proxying)
[2020-04-13 20:20:05] [INFO ] [org.springframework.context.support.PostProcessorRegistrationDelegate$BeanPostProcessorChecker:330] -- Bean 'myShiroRealm' of type [com.creams.temo.util.CustomRealm] is not eligible for getting processed by all BeanPostProcessors (for example: not eligible for auto-proxying)
[2020-04-13 20:20:05] [INFO ] [org.springframework.context.support.PostProcessorRegistrationDelegate$BeanPostProcessorChecker:330] -- Bean 'securityManager' of type [org.apache.shiro.web.mgt.DefaultWebSecurityManager] is not eligible for getting processed by all BeanPostProcessors (for example: not eligible for auto-proxying)
[2020-04-13 20:20:05] [INFO ] [org.springframework.context.support.PostProcessorRegistrationDelegate$BeanPostProcessorChecker:330] -- Bean 'authorizationAttributeSourceAdvisor' of type [org.apache.shiro.spring.security.interceptor.AuthorizationAttributeSourceAdvisor] is not eligible for getting processed by all BeanPostProcessors (for example: not eligible for auto-proxying)
[2020-04-13 20:20:05] [INFO ] [org.springframework.boot.web.embedded.tomcat.TomcatWebServer:92] -- Tomcat initialized with port(s): 8096 (http)
[2020-04-13 20:20:05] [INFO ] [org.apache.coyote.http11.Http11NioProtocol:173] -- Initializing ProtocolHandler ["http-nio-8096"]
[2020-04-13 20:20:05] [INFO ] [org.apache.catalina.core.StandardService:173] -- Starting service [Tomcat]
[2020-04-13 20:20:05] [INFO ] [org.apache.catalina.core.StandardEngine:173] -- Starting Servlet engine: [Apache Tomcat/9.0.33]
[2020-04-13 20:20:05] [INFO ] [org.apache.catalina.core.ContainerBase.[Tomcat].[localhost].[/]:173] -- Initializing Spring embedded WebApplicationContext
[2020-04-13 20:20:05] [INFO ] [org.springframework.web.context.ContextLoader:284] -- Root WebApplicationContext: initialization completed in 1848 ms
[2020-04-13 20:20:06] [INFO ] [org.springframework.scheduling.concurrent.ThreadPoolTaskExecutor:181] -- Initializing ExecutorService 'applicationTaskExecutor'
[2020-04-13 20:20:06] [INFO ] [org.apache.coyote.http11.Http11NioProtocol:173] -- Starting ProtocolHandler ["http-nio-8096"]
[2020-04-13 20:20:06] [INFO ] [org.springframework.boot.web.embedded.tomcat.TomcatWebServer:204] -- Tomcat started on port(s): 8096 (http) with context path ''
[2020-04-13 20:20:06] [INFO ] [com.creams.temo.temoWebApplication:61] -- Started temoWebApplication in 3.247 seconds (JVM running for 3.955)
[2020-04-13 20:20:24] [INFO ] [org.apache.catalina.core.ContainerBase.[Tomcat].[localhost].[/]:173] -- Initializing Spring DispatcherServlet 'dispatcherServlet'
[2020-04-13 20:20:24] [INFO ] [org.springframework.web.servlet.DispatcherServlet:525] -- Initializing Servlet 'dispatcherServlet'
[2020-04-13 20:20:24] [INFO ] [org.springframework.web.servlet.DispatcherServlet:547] -- Completed initialization in 7 ms
[2020-04-13 20:21:37] [INFO ] [com.alibaba.druid.pool.DruidDataSource:106] -- {dataSource-1} inited
[2020-04-13 20:22:17] [INFO ] [org.springframework.scheduling.concurrent.ThreadPoolTaskExecutor:218] -- Shutting down ExecutorService 'applicationTaskExecutor'
[2020-04-13 20:22:17] [INFO ] [com.alibaba.druid.pool.DruidDataSource:106] -- {dataSource-1} closed
[2020-04-13 20:22:31] [INFO ] [com.creams.temo.temoWebApplication:55] -- Starting temoWebApplication on haoqiang with PID 18398 (/Users/zhenghaoqiang/aojiang/myproject/temonewserver/temo-web/target/classes started by zhenghaoqiang in /Users/zhenghaoqiang/aojiang/myproject/temonewserver)
[2020-04-13 20:22:31] [INFO ] [com.creams.temo.temoWebApplication:651] -- No active profile set, falling back to default profiles: default
[2020-04-13 20:22:32] [INFO ] [org.springframework.context.support.PostProcessorRegistrationDelegate$BeanPostProcessorChecker:330] -- Bean 'shiroConfig' of type [com.creams.temo.config.ShiroConfig$$EnhancerBySpringCGLIB$$9e61a856] is not eligible for getting processed by all BeanPostProcessors (for example: not eligible for auto-proxying)
[2020-04-13 20:22:32] [INFO ] [org.springframework.context.support.PostProcessorRegistrationDelegate$BeanPostProcessorChecker:330] -- Bean 'mybatis-org.mybatis.spring.boot.autoconfigure.MybatisProperties' of type [org.mybatis.spring.boot.autoconfigure.MybatisProperties] is not eligible for getting processed by all BeanPostProcessors (for example: not eligible for auto-proxying)
[2020-04-13 20:22:32] [INFO ] [org.springframework.context.support.PostProcessorRegistrationDelegate$BeanPostProcessorChecker:330] -- Bean 'org.mybatis.spring.boot.autoconfigure.MybatisAutoConfiguration' of type [org.mybatis.spring.boot.autoconfigure.MybatisAutoConfiguration$$EnhancerBySpringCGLIB$$87e62ccf] is not eligible for getting processed by all BeanPostProcessors (for example: not eligible for auto-proxying)
[2020-04-13 20:22:32] [INFO ] [org.springframework.context.support.PostProcessorRegistrationDelegate$BeanPostProcessorChecker:330] -- Bean 'org.springframework.boot.autoconfigure.jdbc.DataSourceConfiguration$Generic' of type [org.springframework.boot.autoconfigure.jdbc.DataSourceConfiguration$Generic] is not eligible for getting processed by all BeanPostProcessors (for example: not eligible for auto-proxying)
[2020-04-13 20:22:32] [INFO ] [org.springframework.context.support.PostProcessorRegistrationDelegate$BeanPostProcessorChecker:330] -- Bean 'spring.datasource-org.springframework.boot.autoconfigure.jdbc.DataSourceProperties' of type [org.springframework.boot.autoconfigure.jdbc.DataSourceProperties] is not eligible for getting processed by all BeanPostProcessors (for example: not eligible for auto-proxying)
[2020-04-13 20:22:32] [INFO ] [org.springframework.context.support.PostProcessorRegistrationDelegate$BeanPostProcessorChecker:330] -- Bean 'dataSource' of type [com.alibaba.druid.pool.DruidDataSource] is not eligible for getting processed by all BeanPostProcessors (for example: not eligible for auto-proxying)
[2020-04-13 20:22:32] [INFO ] [org.springframework.context.support.PostProcessorRegistrationDelegate$BeanPostProcessorChecker:330] -- Bean 'sqlSessionFactory' of type [org.apache.ibatis.session.defaults.DefaultSqlSessionFactory] is not eligible for getting processed by all BeanPostProcessors (for example: not eligible for auto-proxying)
[2020-04-13 20:22:32] [INFO ] [org.springframework.context.support.PostProcessorRegistrationDelegate$BeanPostProcessorChecker:330] -- Bean 'sqlSessionTemplate' of type [org.mybatis.spring.SqlSessionTemplate] is not eligible for getting processed by all BeanPostProcessors (for example: not eligible for auto-proxying)
[2020-04-13 20:22:32] [INFO ] [org.springframework.context.support.PostProcessorRegistrationDelegate$BeanPostProcessorChecker:330] -- Bean 'userMapper' of type [org.mybatis.spring.mapper.MapperFactoryBean] is not eligible for getting processed by all BeanPostProcessors (for example: not eligible for auto-proxying)
[2020-04-13 20:22:32] [INFO ] [org.springframework.context.support.PostProcessorRegistrationDelegate$BeanPostProcessorChecker:330] -- Bean 'userMapper' of type [com.sun.proxy.$Proxy63] is not eligible for getting processed by all BeanPostProcessors (for example: not eligible for auto-proxying)
[2020-04-13 20:22:32] [INFO ] [org.springframework.context.support.PostProcessorRegistrationDelegate$BeanPostProcessorChecker:330] -- Bean 'permissionsMapper' of type [org.mybatis.spring.mapper.MapperFactoryBean] is not eligible for getting processed by all BeanPostProcessors (for example: not eligible for auto-proxying)
[2020-04-13 20:22:32] [INFO ] [org.springframework.context.support.PostProcessorRegistrationDelegate$BeanPostProcessorChecker:330] -- Bean 'permissionsMapper' of type [com.sun.proxy.$Proxy64] is not eligible for getting processed by all BeanPostProcessors (for example: not eligible for auto-proxying)
[2020-04-13 20:22:32] [INFO ] [org.springframework.context.support.PostProcessorRegistrationDelegate$BeanPostProcessorChecker:330] -- Bean 'roleMapper' of type [org.mybatis.spring.mapper.MapperFactoryBean] is not eligible for getting processed by all BeanPostProcessors (for example: not eligible for auto-proxying)
[2020-04-13 20:22:32] [INFO ] [org.springframework.context.support.PostProcessorRegistrationDelegate$BeanPostProcessorChecker:330] -- Bean 'roleMapper' of type [com.sun.proxy.$Proxy65] is not eligible for getting processed by all BeanPostProcessors (for example: not eligible for auto-proxying)
[2020-04-13 20:22:32] [INFO ] [org.springframework.context.support.PostProcessorRegistrationDelegate$BeanPostProcessorChecker:330] -- Bean 'userServerImpl' of type [com.creams.temo.biz.bizImpl.UserServerImpl] is not eligible for getting processed by all BeanPostProcessors (for example: not eligible for auto-proxying)
[2020-04-13 20:22:32] [INFO ] [org.springframework.context.support.PostProcessorRegistrationDelegate$BeanPostProcessorChecker:330] -- Bean 'myShiroRealm' of type [com.creams.temo.util.CustomRealm] is not eligible for getting processed by all BeanPostProcessors (for example: not eligible for auto-proxying)
[2020-04-13 20:22:32] [INFO ] [org.springframework.context.support.PostProcessorRegistrationDelegate$BeanPostProcessorChecker:330] -- Bean 'securityManager' of type [org.apache.shiro.web.mgt.DefaultWebSecurityManager] is not eligible for getting processed by all BeanPostProcessors (for example: not eligible for auto-proxying)
[2020-04-13 20:22:32] [INFO ] [org.springframework.context.support.PostProcessorRegistrationDelegate$BeanPostProcessorChecker:330] -- Bean 'authorizationAttributeSourceAdvisor' of type [org.apache.shiro.spring.security.interceptor.AuthorizationAttributeSourceAdvisor] is not eligible for getting processed by all BeanPostProcessors (for example: not eligible for auto-proxying)
[2020-04-13 20:22:32] [INFO ] [org.springframework.boot.web.embedded.tomcat.TomcatWebServer:92] -- Tomcat initialized with port(s): 8096 (http)
[2020-04-13 20:22:32] [INFO ] [org.apache.coyote.http11.Http11NioProtocol:173] -- Initializing ProtocolHandler ["http-nio-8096"]
[2020-04-13 20:22:32] [INFO ] [org.apache.catalina.core.StandardService:173] -- Starting service [Tomcat]
[2020-04-13 20:22:32] [INFO ] [org.apache.catalina.core.StandardEngine:173] -- Starting Servlet engine: [Apache Tomcat/9.0.33]
[2020-04-13 20:22:33] [INFO ] [org.apache.catalina.core.ContainerBase.[Tomcat].[localhost].[/]:173] -- Initializing Spring embedded WebApplicationContext
[2020-04-13 20:22:33] [INFO ] [org.springframework.web.context.ContextLoader:284] -- Root WebApplicationContext: initialization completed in 1547 ms
[2020-04-13 20:22:33] [INFO ] [org.springframework.scheduling.concurrent.ThreadPoolTaskExecutor:181] -- Initializing ExecutorService 'applicationTaskExecutor'
[2020-04-13 20:22:33] [INFO ] [org.apache.coyote.http11.Http11NioProtocol:173] -- Starting ProtocolHandler ["http-nio-8096"]
[2020-04-13 20:22:33] [INFO ] [org.springframework.boot.web.embedded.tomcat.TomcatWebServer:204] -- Tomcat started on port(s): 8096 (http) with context path ''
[2020-04-13 20:22:33] [INFO ] [com.creams.temo.temoWebApplication:61] -- Started temoWebApplication in 2.667 seconds (JVM running for 3.277)
[2020-04-13 20:22:41] [INFO ] [org.apache.catalina.core.ContainerBase.[Tomcat].[localhost].[/]:173] -- Initializing Spring DispatcherServlet 'dispatcherServlet'
[2020-04-13 20:22:41] [INFO ] [org.springframework.web.servlet.DispatcherServlet:525] -- Initializing Servlet 'dispatcherServlet'
[2020-04-13 20:22:41] [INFO ] [org.springframework.web.servlet.DispatcherServlet:547] -- Completed initialization in 11 ms
[2020-04-13 20:22:44] [INFO ] [com.alibaba.druid.pool.DruidDataSource:106] -- {dataSource-1} inited
[2020-04-13 20:22:54] [INFO ] [org.springframework.scheduling.concurrent.ThreadPoolTaskExecutor:218] -- Shutting down ExecutorService 'applicationTaskExecutor'
[2020-04-13 20:22:54] [INFO ] [com.alibaba.druid.pool.DruidDataSource:106] -- {dataSource-1} closed
[2020-04-13 20:22:58] [INFO ] [com.creams.temo.temoWebApplication:55] -- Starting temoWebApplication on haoqiang with PID 18404 (/Users/zhenghaoqiang/aojiang/myproject/temonewserver/temo-web/target/classes started by zhenghaoqiang in /Users/zhenghaoqiang/aojiang/myproject/temonewserver)
[2020-04-13 20:22:58] [INFO ] [com.creams.temo.temoWebApplication:651] -- No active profile set, falling back to default profiles: default
[2020-04-13 20:22:58] [INFO ] [org.springframework.context.support.PostProcessorRegistrationDelegate$BeanPostProcessorChecker:330] -- Bean 'shiroConfig' of type [com.creams.temo.config.ShiroConfig$$EnhancerBySpringCGLIB$$8f5f1225] is not eligible for getting processed by all BeanPostProcessors (for example: not eligible for auto-proxying)
[2020-04-13 20:22:59] [INFO ] [org.springframework.context.support.PostProcessorRegistrationDelegate$BeanPostProcessorChecker:330] -- Bean 'mybatis-org.mybatis.spring.boot.autoconfigure.MybatisProperties' of type [org.mybatis.spring.boot.autoconfigure.MybatisProperties] is not eligible for getting processed by all BeanPostProcessors (for example: not eligible for auto-proxying)
[2020-04-13 20:22:59] [INFO ] [org.springframework.context.support.PostProcessorRegistrationDelegate$BeanPostProcessorChecker:330] -- Bean 'org.mybatis.spring.boot.autoconfigure.MybatisAutoConfiguration' of type [org.mybatis.spring.boot.autoconfigure.MybatisAutoConfiguration$$EnhancerBySpringCGLIB$$78e3969e] is not eligible for getting processed by all BeanPostProcessors (for example: not eligible for auto-proxying)
[2020-04-13 20:22:59] [INFO ] [org.springframework.context.support.PostProcessorRegistrationDelegate$BeanPostProcessorChecker:330] -- Bean 'org.springframework.boot.autoconfigure.jdbc.DataSourceConfiguration$Generic' of type [org.springframework.boot.autoconfigure.jdbc.DataSourceConfiguration$Generic] is not eligible for getting processed by all BeanPostProcessors (for example: not eligible for auto-proxying)
[2020-04-13 20:22:59] [INFO ] [org.springframework.context.support.PostProcessorRegistrationDelegate$BeanPostProcessorChecker:330] -- Bean 'spring.datasource-org.springframework.boot.autoconfigure.jdbc.DataSourceProperties' of type [org.springframework.boot.autoconfigure.jdbc.DataSourceProperties] is not eligible for getting processed by all BeanPostProcessors (for example: not eligible for auto-proxying)
[2020-04-13 20:22:59] [INFO ] [org.springframework.context.support.PostProcessorRegistrationDelegate$BeanPostProcessorChecker:330] -- Bean 'dataSource' of type [com.alibaba.druid.pool.DruidDataSource] is not eligible for getting processed by all BeanPostProcessors (for example: not eligible for auto-proxying)
[2020-04-13 20:22:59] [INFO ] [org.springframework.context.support.PostProcessorRegistrationDelegate$BeanPostProcessorChecker:330] -- Bean 'sqlSessionFactory' of type [org.apache.ibatis.session.defaults.DefaultSqlSessionFactory] is not eligible for getting processed by all BeanPostProcessors (for example: not eligible for auto-proxying)
[2020-04-13 20:22:59] [INFO ] [org.springframework.context.support.PostProcessorRegistrationDelegate$BeanPostProcessorChecker:330] -- Bean 'sqlSessionTemplate' of type [org.mybatis.spring.SqlSessionTemplate] is not eligible for getting processed by all BeanPostProcessors (for example: not eligible for auto-proxying)
[2020-04-13 20:22:59] [INFO ] [org.springframework.context.support.PostProcessorRegistrationDelegate$BeanPostProcessorChecker:330] -- Bean 'userMapper' of type [org.mybatis.spring.mapper.MapperFactoryBean] is not eligible for getting processed by all BeanPostProcessors (for example: not eligible for auto-proxying)
[2020-04-13 20:22:59] [INFO ] [org.springframework.context.support.PostProcessorRegistrationDelegate$BeanPostProcessorChecker:330] -- Bean 'userMapper' of type [com.sun.proxy.$Proxy63] is not eligible for getting processed by all BeanPostProcessors (for example: not eligible for auto-proxying)
[2020-04-13 20:22:59] [INFO ] [org.springframework.context.support.PostProcessorRegistrationDelegate$BeanPostProcessorChecker:330] -- Bean 'permissionsMapper' of type [org.mybatis.spring.mapper.MapperFactoryBean] is not eligible for getting processed by all BeanPostProcessors (for example: not eligible for auto-proxying)
[2020-04-13 20:22:59] [INFO ] [org.springframework.context.support.PostProcessorRegistrationDelegate$BeanPostProcessorChecker:330] -- Bean 'permissionsMapper' of type [com.sun.proxy.$Proxy64] is not eligible for getting processed by all BeanPostProcessors (for example: not eligible for auto-proxying)
[2020-04-13 20:22:59] [INFO ] [org.springframework.context.support.PostProcessorRegistrationDelegate$BeanPostProcessorChecker:330] -- Bean 'roleMapper' of type [org.mybatis.spring.mapper.MapperFactoryBean] is not eligible for getting processed by all BeanPostProcessors (for example: not eligible for auto-proxying)
[2020-04-13 20:22:59] [INFO ] [org.springframework.context.support.PostProcessorRegistrationDelegate$BeanPostProcessorChecker:330] -- Bean 'roleMapper' of type [com.sun.proxy.$Proxy65] is not eligible for getting processed by all BeanPostProcessors (for example: not eligible for auto-proxying)
[2020-04-13 20:22:59] [INFO ] [org.springframework.context.support.PostProcessorRegistrationDelegate$BeanPostProcessorChecker:330] -- Bean 'userServerImpl' of type [com.creams.temo.biz.bizImpl.UserServerImpl] is not eligible for getting processed by all BeanPostProcessors (for example: not eligible for auto-proxying)
[2020-04-13 20:22:59] [INFO ] [org.springframework.context.support.PostProcessorRegistrationDelegate$BeanPostProcessorChecker:330] -- Bean 'myShiroRealm' of type [com.creams.temo.util.CustomRealm] is not eligible for getting processed by all BeanPostProcessors (for example: not eligible for auto-proxying)
[2020-04-13 20:22:59] [INFO ] [org.springframework.context.support.PostProcessorRegistrationDelegate$BeanPostProcessorChecker:330] -- Bean 'securityManager' of type [org.apache.shiro.web.mgt.DefaultWebSecurityManager] is not eligible for getting processed by all BeanPostProcessors (for example: not eligible for auto-proxying)
[2020-04-13 20:22:59] [INFO ] [org.springframework.context.support.PostProcessorRegistrationDelegate$BeanPostProcessorChecker:330] -- Bean 'authorizationAttributeSourceAdvisor' of type [org.apache.shiro.spring.security.interceptor.AuthorizationAttributeSourceAdvisor] is not eligible for getting processed by all BeanPostProcessors (for example: not eligible for auto-proxying)
[2020-04-13 20:22:59] [INFO ] [org.springframework.boot.web.embedded.tomcat.TomcatWebServer:92] -- Tomcat initialized with port(s): 8096 (http)
[2020-04-13 20:22:59] [INFO ] [org.apache.coyote.http11.Http11NioProtocol:173] -- Initializing ProtocolHandler ["http-nio-8096"]
[2020-04-13 20:22:59] [INFO ] [org.apache.catalina.core.StandardService:173] -- Starting service [Tomcat]
[2020-04-13 20:22:59] [INFO ] [org.apache.catalina.core.StandardEngine:173] -- Starting Servlet engine: [Apache Tomcat/9.0.33]
[2020-04-13 20:22:59] [INFO ] [org.apache.catalina.core.ContainerBase.[Tomcat].[localhost].[/]:173] -- Initializing Spring embedded WebApplicationContext
[2020-04-13 20:22:59] [INFO ] [org.springframework.web.context.ContextLoader:284] -- Root WebApplicationContext: initialization completed in 1716 ms
[2020-04-13 20:23:00] [INFO ] [org.springframework.scheduling.concurrent.ThreadPoolTaskExecutor:181] -- Initializing ExecutorService 'applicationTaskExecutor'
[2020-04-13 20:23:00] [INFO ] [org.apache.coyote.http11.Http11NioProtocol:173] -- Starting ProtocolHandler ["http-nio-8096"]
[2020-04-13 20:23:00] [INFO ] [org.springframework.boot.web.embedded.tomcat.TomcatWebServer:204] -- Tomcat started on port(s): 8096 (http) with context path ''
[2020-04-13 20:23:00] [INFO ] [com.creams.temo.temoWebApplication:61] -- Started temoWebApplication in 2.935 seconds (JVM running for 3.761)
[2020-04-13 20:23:03] [INFO ] [org.apache.catalina.core.ContainerBase.[Tomcat].[localhost].[/]:173] -- Initializing Spring DispatcherServlet 'dispatcherServlet'
[2020-04-13 20:23:03] [INFO ] [org.springframework.web.servlet.DispatcherServlet:525] -- Initializing Servlet 'dispatcherServlet'
[2020-04-13 20:23:03] [INFO ] [org.springframework.web.servlet.DispatcherServlet:547] -- Completed initialization in 9 ms
[2020-04-13 20:23:26] [INFO ] [com.alibaba.druid.pool.DruidDataSource:106] -- {dataSource-1} inited
[2020-04-13 20:23:53] [INFO ] [org.springframework.scheduling.concurrent.ThreadPoolTaskExecutor:218] -- Shutting down ExecutorService 'applicationTaskExecutor'
[2020-04-13 20:23:53] [INFO ] [com.alibaba.druid.pool.DruidDataSource:106] -- {dataSource-1} closed
[2020-04-13 20:25:20] [INFO ] [com.creams.temo.temoWebApplication:55] -- Starting temoWebApplication on haoqiang with PID 18412 (/Users/zhenghaoqiang/aojiang/myproject/temonewserver/temo-web/target/classes started by zhenghaoqiang in /Users/zhenghaoqiang/aojiang/myproject/temonewserver)
[2020-04-13 20:25:20] [INFO ] [com.creams.temo.temoWebApplication:651] -- No active profile set, falling back to default profiles: default
[2020-04-13 20:25:21] [INFO ] [org.springframework.context.support.PostProcessorRegistrationDelegate$BeanPostProcessorChecker:330] -- Bean 'shiroConfig' of type [com.creams.temo.config.ShiroConfig$$EnhancerBySpringCGLIB$$60a84073] is not eligible for getting processed by all BeanPostProcessors (for example: not eligible for auto-proxying)
[2020-04-13 20:25:21] [INFO ] [org.springframework.context.support.PostProcessorRegistrationDelegate$BeanPostProcessorChecker:330] -- Bean 'mybatis-org.mybatis.spring.boot.autoconfigure.MybatisProperties' of type [org.mybatis.spring.boot.autoconfigure.MybatisProperties] is not eligible for getting processed by all BeanPostProcessors (for example: not eligible for auto-proxying)
[2020-04-13 20:25:21] [INFO ] [org.springframework.context.support.PostProcessorRegistrationDelegate$BeanPostProcessorChecker:330] -- Bean 'org.mybatis.spring.boot.autoconfigure.MybatisAutoConfiguration' of type [org.mybatis.spring.boot.autoconfigure.MybatisAutoConfiguration$$EnhancerBySpringCGLIB$$4a2cc4ec] is not eligible for getting processed by all BeanPostProcessors (for example: not eligible for auto-proxying)
[2020-04-13 20:25:21] [INFO ] [org.springframework.context.support.PostProcessorRegistrationDelegate$BeanPostProcessorChecker:330] -- Bean 'org.springframework.boot.autoconfigure.jdbc.DataSourceConfiguration$Generic' of type [org.springframework.boot.autoconfigure.jdbc.DataSourceConfiguration$Generic] is not eligible for getting processed by all BeanPostProcessors (for example: not eligible for auto-proxying)
[2020-04-13 20:25:21] [INFO ] [org.springframework.context.support.PostProcessorRegistrationDelegate$BeanPostProcessorChecker:330] -- Bean 'spring.datasource-org.springframework.boot.autoconfigure.jdbc.DataSourceProperties' of type [org.springframework.boot.autoconfigure.jdbc.DataSourceProperties] is not eligible for getting processed by all BeanPostProcessors (for example: not eligible for auto-proxying)
[2020-04-13 20:25:21] [INFO ] [org.springframework.context.support.PostProcessorRegistrationDelegate$BeanPostProcessorChecker:330] -- Bean 'dataSource' of type [com.alibaba.druid.pool.DruidDataSource] is not eligible for getting processed by all BeanPostProcessors (for example: not eligible for auto-proxying)
[2020-04-13 20:25:21] [INFO ] [org.springframework.context.support.PostProcessorRegistrationDelegate$BeanPostProcessorChecker:330] -- Bean 'sqlSessionFactory' of type [org.apache.ibatis.session.defaults.DefaultSqlSessionFactory] is not eligible for getting processed by all BeanPostProcessors (for example: not eligible for auto-proxying)
[2020-04-13 20:25:21] [INFO ] [org.springframework.context.support.PostProcessorRegistrationDelegate$BeanPostProcessorChecker:330] -- Bean 'sqlSessionTemplate' of type [org.mybatis.spring.SqlSessionTemplate] is not eligible for getting processed by all BeanPostProcessors (for example: not eligible for auto-proxying)
[2020-04-13 20:25:21] [INFO ] [org.springframework.context.support.PostProcessorRegistrationDelegate$BeanPostProcessorChecker:330] -- Bean 'userMapper' of type [org.mybatis.spring.mapper.MapperFactoryBean] is not eligible for getting processed by all BeanPostProcessors (for example: not eligible for auto-proxying)
[2020-04-13 20:25:21] [INFO ] [org.springframework.context.support.PostProcessorRegistrationDelegate$BeanPostProcessorChecker:330] -- Bean 'userMapper' of type [com.sun.proxy.$Proxy63] is not eligible for getting processed by all BeanPostProcessors (for example: not eligible for auto-proxying)
[2020-04-13 20:25:21] [INFO ] [org.springframework.context.support.PostProcessorRegistrationDelegate$BeanPostProcessorChecker:330] -- Bean 'permissionsMapper' of type [org.mybatis.spring.mapper.MapperFactoryBean] is not eligible for getting processed by all BeanPostProcessors (for example: not eligible for auto-proxying)
[2020-04-13 20:25:21] [INFO ] [org.springframework.context.support.PostProcessorRegistrationDelegate$BeanPostProcessorChecker:330] -- Bean 'permissionsMapper' of type [com.sun.proxy.$Proxy64] is not eligible for getting processed by all BeanPostProcessors (for example: not eligible for auto-proxying)
[2020-04-13 20:25:21] [INFO ] [org.springframework.context.support.PostProcessorRegistrationDelegate$BeanPostProcessorChecker:330] -- Bean 'roleMapper' of type [org.mybatis.spring.mapper.MapperFactoryBean] is not eligible for getting processed by all BeanPostProcessors (for example: not eligible for auto-proxying)
[2020-04-13 20:25:21] [INFO ] [org.springframework.context.support.PostProcessorRegistrationDelegate$BeanPostProcessorChecker:330] -- Bean 'roleMapper' of type [com.sun.proxy.$Proxy65] is not eligible for getting processed by all BeanPostProcessors (for example: not eligible for auto-proxying)
[2020-04-13 20:25:21] [INFO ] [org.springframework.context.support.PostProcessorRegistrationDelegate$BeanPostProcessorChecker:330] -- Bean 'userServerImpl' of type [com.creams.temo.biz.bizImpl.UserServerImpl] is not eligible for getting processed by all BeanPostProcessors (for example: not eligible for auto-proxying)
[2020-04-13 20:25:21] [INFO ] [org.springframework.context.support.PostProcessorRegistrationDelegate$BeanPostProcessorChecker:330] -- Bean 'myShiroRealm' of type [com.creams.temo.util.CustomRealm] is not eligible for getting processed by all BeanPostProcessors (for example: not eligible for auto-proxying)
[2020-04-13 20:25:21] [INFO ] [org.springframework.context.support.PostProcessorRegistrationDelegate$BeanPostProcessorChecker:330] -- Bean 'securityManager' of type [org.apache.shiro.web.mgt.DefaultWebSecurityManager] is not eligible for getting processed by all BeanPostProcessors (for example: not eligible for auto-proxying)
[2020-04-13 20:25:21] [INFO ] [org.springframework.context.support.PostProcessorRegistrationDelegate$BeanPostProcessorChecker:330] -- Bean 'authorizationAttributeSourceAdvisor' of type [org.apache.shiro.spring.security.interceptor.AuthorizationAttributeSourceAdvisor] is not eligible for getting processed by all BeanPostProcessors (for example: not eligible for auto-proxying)
[2020-04-13 20:25:22] [INFO ] [org.springframework.boot.web.embedded.tomcat.TomcatWebServer:92] -- Tomcat initialized with port(s): 8096 (http)
[2020-04-13 20:25:22] [INFO ] [org.apache.coyote.http11.Http11NioProtocol:173] -- Initializing ProtocolHandler ["http-nio-8096"]
[2020-04-13 20:25:22] [INFO ] [org.apache.catalina.core.StandardService:173] -- Starting service [Tomcat]
[2020-04-13 20:25:22] [INFO ] [org.apache.catalina.core.StandardEngine:173] -- Starting Servlet engine: [Apache Tomcat/9.0.33]
[2020-04-13 20:25:22] [INFO ] [org.apache.catalina.core.ContainerBase.[Tomcat].[localhost].[/]:173] -- Initializing Spring embedded WebApplicationContext
[2020-04-13 20:25:22] [INFO ] [org.springframework.web.context.ContextLoader:284] -- Root WebApplicationContext: initialization completed in 1659 ms
[2020-04-13 20:25:22] [INFO ] [org.springframework.scheduling.concurrent.ThreadPoolTaskExecutor:181] -- Initializing ExecutorService 'applicationTaskExecutor'
[2020-04-13 20:25:22] [INFO ] [org.apache.coyote.http11.Http11NioProtocol:173] -- Starting ProtocolHandler ["http-nio-8096"]
[2020-04-13 20:25:22] [INFO ] [org.springframework.boot.web.embedded.tomcat.TomcatWebServer:204] -- Tomcat started on port(s): 8096 (http) with context path ''
[2020-04-13 20:25:22] [INFO ] [com.creams.temo.temoWebApplication:61] -- Started temoWebApplication in 2.927 seconds (JVM running for 3.749)
[2020-04-13 20:26:06] [INFO ] [org.apache.catalina.core.ContainerBase.[Tomcat].[localhost].[/]:173] -- Initializing Spring DispatcherServlet 'dispatcherServlet'
[2020-04-13 20:26:06] [INFO ] [org.springframework.web.servlet.DispatcherServlet:525] -- Initializing Servlet 'dispatcherServlet'
[2020-04-13 20:26:06] [INFO ] [org.springframework.web.servlet.DispatcherServlet:547] -- Completed initialization in 12 ms
[2020-04-13 20:26:29] [INFO ] [com.alibaba.druid.pool.DruidDataSource:106] -- {dataSource-1} inited
[2020-04-13 20:26:46] [INFO ] [com.creams.temo.controller.LoginController:50] -- 登入成功
[2020-04-13 20:27:02] [INFO ] [org.springframework.scheduling.concurrent.ThreadPoolTaskExecutor:218] -- Shutting down ExecutorService 'applicationTaskExecutor'
[2020-04-13 20:27:02] [INFO ] [com.alibaba.druid.pool.DruidDataSource:106] -- {dataSource-1} closed
[2020-04-13 20:30:17] [INFO ] [com.creams.temo.temoWebApplication:55] -- Starting temoWebApplication on haoqiang with PID 18663 (/Users/zhenghaoqiang/aojiang/myproject/temonewserver/temo-web/target/classes started by zhenghaoqiang in /Users/zhenghaoqiang/aojiang/myproject/temonewserver)
[2020-04-13 20:30:17] [INFO ] [com.creams.temo.temoWebApplication:651] -- No active profile set, falling back to default profiles: default
[2020-04-13 20:30:18] [INFO ] [org.springframework.context.support.PostProcessorRegistrationDelegate$BeanPostProcessorChecker:330] -- Bean 'shiroConfig' of type [com.creams.temo.config.ShiroConfig$$EnhancerBySpringCGLIB$$c53b3a99] is not eligible for getting processed by all BeanPostProcessors (for example: not eligible for auto-proxying)
[2020-04-13 20:30:18] [INFO ] [org.springframework.context.support.PostProcessorRegistrationDelegate$BeanPostProcessorChecker:330] -- Bean 'mybatis-org.mybatis.spring.boot.autoconfigure.MybatisProperties' of type [org.mybatis.spring.boot.autoconfigure.MybatisProperties] is not eligible for getting processed by all BeanPostProcessors (for example: not eligible for auto-proxying)
[2020-04-13 20:30:18] [INFO ] [org.springframework.context.support.PostProcessorRegistrationDelegate$BeanPostProcessorChecker:330] -- Bean 'org.mybatis.spring.boot.autoconfigure.MybatisAutoConfiguration' of type [org.mybatis.spring.boot.autoconfigure.MybatisAutoConfiguration$$EnhancerBySpringCGLIB$$aebfbf12] is not eligible for getting processed by all BeanPostProcessors (for example: not eligible for auto-proxying)
[2020-04-13 20:30:18] [INFO ] [org.springframework.context.support.PostProcessorRegistrationDelegate$BeanPostProcessorChecker:330] -- Bean 'org.springframework.boot.autoconfigure.jdbc.DataSourceConfiguration$Generic' of type [org.springframework.boot.autoconfigure.jdbc.DataSourceConfiguration$Generic] is not eligible for getting processed by all BeanPostProcessors (for example: not eligible for auto-proxying)
[2020-04-13 20:30:18] [INFO ] [org.springframework.context.support.PostProcessorRegistrationDelegate$BeanPostProcessorChecker:330] -- Bean 'spring.datasource-org.springframework.boot.autoconfigure.jdbc.DataSourceProperties' of type [org.springframework.boot.autoconfigure.jdbc.DataSourceProperties] is not eligible for getting processed by all BeanPostProcessors (for example: not eligible for auto-proxying)
[2020-04-13 20:30:18] [INFO ] [org.springframework.context.support.PostProcessorRegistrationDelegate$BeanPostProcessorChecker:330] -- Bean 'dataSource' of type [com.alibaba.druid.pool.DruidDataSource] is not eligible for getting processed by all BeanPostProcessors (for example: not eligible for auto-proxying)
[2020-04-13 20:30:18] [INFO ] [org.springframework.context.support.PostProcessorRegistrationDelegate$BeanPostProcessorChecker:330] -- Bean 'sqlSessionFactory' of type [org.apache.ibatis.session.defaults.DefaultSqlSessionFactory] is not eligible for getting processed by all BeanPostProcessors (for example: not eligible for auto-proxying)
[2020-04-13 20:30:18] [INFO ] [org.springframework.context.support.PostProcessorRegistrationDelegate$BeanPostProcessorChecker:330] -- Bean 'sqlSessionTemplate' of type [org.mybatis.spring.SqlSessionTemplate] is not eligible for getting processed by all BeanPostProcessors (for example: not eligible for auto-proxying)
[2020-04-13 20:30:18] [INFO ] [org.springframework.context.support.PostProcessorRegistrationDelegate$BeanPostProcessorChecker:330] -- Bean 'userMapper' of type [org.mybatis.spring.mapper.MapperFactoryBean] is not eligible for getting processed by all BeanPostProcessors (for example: not eligible for auto-proxying)
[2020-04-13 20:30:18] [INFO ] [org.springframework.context.support.PostProcessorRegistrationDelegate$BeanPostProcessorChecker:330] -- Bean 'userMapper' of type [com.sun.proxy.$Proxy63] is not eligible for getting processed by all BeanPostProcessors (for example: not eligible for auto-proxying)
[2020-04-13 20:30:18] [INFO ] [org.springframework.context.support.PostProcessorRegistrationDelegate$BeanPostProcessorChecker:330] -- Bean 'permissionsMapper' of type [org.mybatis.spring.mapper.MapperFactoryBean] is not eligible for getting processed by all BeanPostProcessors (for example: not eligible for auto-proxying)
[2020-04-13 20:30:18] [INFO ] [org.springframework.context.support.PostProcessorRegistrationDelegate$BeanPostProcessorChecker:330] -- Bean 'permissionsMapper' of type [com.sun.proxy.$Proxy64] is not eligible for getting processed by all BeanPostProcessors (for example: not eligible for auto-proxying)
[2020-04-13 20:30:18] [INFO ] [org.springframework.context.support.PostProcessorRegistrationDelegate$BeanPostProcessorChecker:330] -- Bean 'roleMapper' of type [org.mybatis.spring.mapper.MapperFactoryBean] is not eligible for getting processed by all BeanPostProcessors (for example: not eligible for auto-proxying)
[2020-04-13 20:30:18] [INFO ] [org.springframework.context.support.PostProcessorRegistrationDelegate$BeanPostProcessorChecker:330] -- Bean 'roleMapper' of type [com.sun.proxy.$Proxy65] is not eligible for getting processed by all BeanPostProcessors (for example: not eligible for auto-proxying)
[2020-04-13 20:30:18] [INFO ] [org.springframework.context.support.PostProcessorRegistrationDelegate$BeanPostProcessorChecker:330] -- Bean 'userServerImpl' of type [com.creams.temo.biz.bizImpl.UserServerImpl] is not eligible for getting processed by all BeanPostProcessors (for example: not eligible for auto-proxying)
[2020-04-13 20:30:18] [INFO ] [org.springframework.context.support.PostProcessorRegistrationDelegate$BeanPostProcessorChecker:330] -- Bean 'myShiroRealm' of type [com.creams.temo.util.CustomRealm] is not eligible for getting processed by all BeanPostProcessors (for example: not eligible for auto-proxying)
[2020-04-13 20:30:18] [INFO ] [org.springframework.context.support.PostProcessorRegistrationDelegate$BeanPostProcessorChecker:330] -- Bean 'securityManager' of type [org.apache.shiro.web.mgt.DefaultWebSecurityManager] is not eligible for getting processed by all BeanPostProcessors (for example: not eligible for auto-proxying)
[2020-04-13 20:30:18] [INFO ] [org.springframework.context.support.PostProcessorRegistrationDelegate$BeanPostProcessorChecker:330] -- Bean 'authorizationAttributeSourceAdvisor' of type [org.apache.shiro.spring.security.interceptor.AuthorizationAttributeSourceAdvisor] is not eligible for getting processed by all BeanPostProcessors (for example: not eligible for auto-proxying)
[2020-04-13 20:30:18] [INFO ] [org.springframework.boot.web.embedded.tomcat.TomcatWebServer:92] -- Tomcat initialized with port(s): 8096 (http)
[2020-04-13 20:30:19] [INFO ] [org.apache.coyote.http11.Http11NioProtocol:173] -- Initializing ProtocolHandler ["http-nio-8096"]
[2020-04-13 20:30:19] [INFO ] [org.apache.catalina.core.StandardService:173] -- Starting service [Tomcat]
[2020-04-13 20:30:19] [INFO ] [org.apache.catalina.core.StandardEngine:173] -- Starting Servlet engine: [Apache Tomcat/9.0.33]
[2020-04-13 20:30:19] [INFO ] [org.apache.catalina.core.ContainerBase.[Tomcat].[localhost].[/]:173] -- Initializing Spring embedded WebApplicationContext
[2020-04-13 20:30:19] [INFO ] [org.springframework.web.context.ContextLoader:284] -- Root WebApplicationContext: initialization completed in 1784 ms
[2020-04-13 20:30:19] [INFO ] [org.springframework.scheduling.concurrent.ThreadPoolTaskExecutor:181] -- Initializing ExecutorService 'applicationTaskExecutor'
[2020-04-13 20:30:19] [INFO ] [org.apache.coyote.http11.Http11NioProtocol:173] -- Starting ProtocolHandler ["http-nio-8096"]
[2020-04-13 20:30:19] [INFO ] [org.springframework.boot.web.embedded.tomcat.TomcatWebServer:204] -- Tomcat started on port(s): 8096 (http) with context path ''
[2020-04-13 20:30:19] [INFO ] [com.creams.temo.temoWebApplication:61] -- Started temoWebApplication in 3.106 seconds (JVM running for 3.868)
[2020-04-13 20:30:53] [INFO ] [org.apache.catalina.core.ContainerBase.[Tomcat].[localhost].[/]:173] -- Initializing Spring DispatcherServlet 'dispatcherServlet'
[2020-04-13 20:30:53] [INFO ] [org.springframework.web.servlet.DispatcherServlet:525] -- Initializing Servlet 'dispatcherServlet'
[2020-04-13 20:30:53] [INFO ] [org.springframework.web.servlet.DispatcherServlet:547] -- Completed initialization in 8 ms
[2020-04-13 20:31:16] [INFO ] [com.alibaba.druid.pool.DruidDataSource:106] -- {dataSource-1} inited
[2020-04-13 20:31:20] [INFO ] [com.creams.temo.controller.LoginController:50] -- 登入成功
[2020-04-13 20:32:34] [INFO ] [org.springframework.scheduling.concurrent.ThreadPoolTaskExecutor:218] -- Shutting down ExecutorService 'applicationTaskExecutor'
[2020-04-13 20:32:34] [INFO ] [com.alibaba.druid.pool.DruidDataSource:106] -- {dataSource-1} closed
[2020-04-13 20:37:35] [INFO ] [com.creams.temo.temoWebApplication:55] -- Starting temoWebApplication on haoqiang with PID 18742 (/Users/zhenghaoqiang/aojiang/myproject/temonewserver/temo-web/target/classes started by zhenghaoqiang in /Users/zhenghaoqiang/aojiang/myproject/temonewserver)
[2020-04-13 20:37:35] [INFO ] [com.creams.temo.temoWebApplication:651] -- No active profile set, falling back to default profiles: default
[2020-04-13 20:37:36] [INFO ] [org.springframework.context.support.PostProcessorRegistrationDelegate$BeanPostProcessorChecker:330] -- Bean 'shiroConfig' of type [com.creams.temo.config.ShiroConfig$$EnhancerBySpringCGLIB$$ae7dc925] is not eligible for getting processed by all BeanPostProcessors (for example: not eligible for auto-proxying)
[2020-04-13 20:37:37] [INFO ] [org.springframework.context.support.PostProcessorRegistrationDelegate$BeanPostProcessorChecker:330] -- Bean 'mybatis-org.mybatis.spring.boot.autoconfigure.MybatisProperties' of type [org.mybatis.spring.boot.autoconfigure.MybatisProperties] is not eligible for getting processed by all BeanPostProcessors (for example: not eligible for auto-proxying)
[2020-04-13 20:37:37] [INFO ] [org.springframework.context.support.PostProcessorRegistrationDelegate$BeanPostProcessorChecker:330] -- Bean 'org.mybatis.spring.boot.autoconfigure.MybatisAutoConfiguration' of type [org.mybatis.spring.boot.autoconfigure.MybatisAutoConfiguration$$EnhancerBySpringCGLIB$$98024d9e] is not eligible for getting processed by all BeanPostProcessors (for example: not eligible for auto-proxying)
[2020-04-13 20:37:37] [INFO ] [org.springframework.context.support.PostProcessorRegistrationDelegate$BeanPostProcessorChecker:330] -- Bean 'org.springframework.boot.autoconfigure.jdbc.DataSourceConfiguration$Generic' of type [org.springframework.boot.autoconfigure.jdbc.DataSourceConfiguration$Generic] is not eligible for getting processed by all BeanPostProcessors (for example: not eligible for auto-proxying)
[2020-04-13 20:37:37] [INFO ] [org.springframework.context.support.PostProcessorRegistrationDelegate$BeanPostProcessorChecker:330] -- Bean 'spring.datasource-org.springframework.boot.autoconfigure.jdbc.DataSourceProperties' of type [org.springframework.boot.autoconfigure.jdbc.DataSourceProperties] is not eligible for getting processed by all BeanPostProcessors (for example: not eligible for auto-proxying)
[2020-04-13 20:37:37] [INFO ] [org.springframework.context.support.PostProcessorRegistrationDelegate$BeanPostProcessorChecker:330] -- Bean 'dataSource' of type [com.alibaba.druid.pool.DruidDataSource] is not eligible for getting processed by all BeanPostProcessors (for example: not eligible for auto-proxying)
[2020-04-13 20:37:37] [INFO ] [org.springframework.context.support.PostProcessorRegistrationDelegate$BeanPostProcessorChecker:330] -- Bean 'sqlSessionFactory' of type [org.apache.ibatis.session.defaults.DefaultSqlSessionFactory] is not eligible for getting processed by all BeanPostProcessors (for example: not eligible for auto-proxying)
[2020-04-13 20:37:37] [INFO ] [org.springframework.context.support.PostProcessorRegistrationDelegate$BeanPostProcessorChecker:330] -- Bean 'sqlSessionTemplate' of type [org.mybatis.spring.SqlSessionTemplate] is not eligible for getting processed by all BeanPostProcessors (for example: not eligible for auto-proxying)
[2020-04-13 20:37:37] [INFO ] [org.springframework.context.support.PostProcessorRegistrationDelegate$BeanPostProcessorChecker:330] -- Bean 'userMapper' of type [org.mybatis.spring.mapper.MapperFactoryBean] is not eligible for getting processed by all BeanPostProcessors (for example: not eligible for auto-proxying)
[2020-04-13 20:37:37] [INFO ] [org.springframework.context.support.PostProcessorRegistrationDelegate$BeanPostProcessorChecker:330] -- Bean 'userMapper' of type [com.sun.proxy.$Proxy63] is not eligible for getting processed by all BeanPostProcessors (for example: not eligible for auto-proxying)
[2020-04-13 20:37:37] [INFO ] [org.springframework.context.support.PostProcessorRegistrationDelegate$BeanPostProcessorChecker:330] -- Bean 'permissionsMapper' of type [org.mybatis.spring.mapper.MapperFactoryBean] is not eligible for getting processed by all BeanPostProcessors (for example: not eligible for auto-proxying)
[2020-04-13 20:37:37] [INFO ] [org.springframework.context.support.PostProcessorRegistrationDelegate$BeanPostProcessorChecker:330] -- Bean 'permissionsMapper' of type [com.sun.proxy.$Proxy64] is not eligible for getting processed by all BeanPostProcessors (for example: not eligible for auto-proxying)
[2020-04-13 20:37:37] [INFO ] [org.springframework.context.support.PostProcessorRegistrationDelegate$BeanPostProcessorChecker:330] -- Bean 'roleMapper' of type [org.mybatis.spring.mapper.MapperFactoryBean] is not eligible for getting processed by all BeanPostProcessors (for example: not eligible for auto-proxying)
[2020-04-13 20:37:37] [INFO ] [org.springframework.context.support.PostProcessorRegistrationDelegate$BeanPostProcessorChecker:330] -- Bean 'roleMapper' of type [com.sun.proxy.$Proxy65] is not eligible for getting processed by all BeanPostProcessors (for example: not eligible for auto-proxying)
[2020-04-13 20:37:37] [INFO ] [org.springframework.context.support.PostProcessorRegistrationDelegate$BeanPostProcessorChecker:330] -- Bean 'userServerImpl' of type [com.creams.temo.biz.bizImpl.UserServerImpl] is not eligible for getting processed by all BeanPostProcessors (for example: not eligible for auto-proxying)
[2020-04-13 20:37:37] [INFO ] [org.springframework.context.support.PostProcessorRegistrationDelegate$BeanPostProcessorChecker:330] -- Bean 'myShiroRealm' of type [com.creams.temo.util.CustomRealm] is not eligible for getting processed by all BeanPostProcessors (for example: not eligible for auto-proxying)
[2020-04-13 20:37:37] [INFO ] [org.springframework.context.support.PostProcessorRegistrationDelegate$BeanPostProcessorChecker:330] -- Bean 'securityManager' of type [org.apache.shiro.web.mgt.DefaultWebSecurityManager] is not eligible for getting processed by all BeanPostProcessors (for example: not eligible for auto-proxying)
[2020-04-13 20:37:37] [INFO ] [org.springframework.context.support.PostProcessorRegistrationDelegate$BeanPostProcessorChecker:330] -- Bean 'authorizationAttributeSourceAdvisor' of type [org.apache.shiro.spring.security.interceptor.AuthorizationAttributeSourceAdvisor] is not eligible for getting processed by all BeanPostProcessors (for example: not eligible for auto-proxying)
[2020-04-13 20:37:37] [INFO ] [org.springframework.boot.web.embedded.tomcat.TomcatWebServer:92] -- Tomcat initialized with port(s): 8096 (http)
[2020-04-13 20:37:37] [INFO ] [org.apache.coyote.http11.Http11NioProtocol:173] -- Initializing ProtocolHandler ["http-nio-8096"]
[2020-04-13 20:37:37] [INFO ] [org.apache.catalina.core.StandardService:173] -- Starting service [Tomcat]
[2020-04-13 20:37:37] [INFO ] [org.apache.catalina.core.StandardEngine:173] -- Starting Servlet engine: [Apache Tomcat/9.0.33]
[2020-04-13 20:37:37] [INFO ] [org.apache.catalina.core.ContainerBase.[Tomcat].[localhost].[/]:173] -- Initializing Spring embedded WebApplicationContext
[2020-04-13 20:37:37] [INFO ] [org.springframework.web.context.ContextLoader:284] -- Root WebApplicationContext: initialization completed in 1857 ms
[2020-04-13 20:37:38] [INFO ] [org.springframework.scheduling.concurrent.ThreadPoolTaskExecutor:181] -- Initializing ExecutorService 'applicationTaskExecutor'
[2020-04-13 20:37:38] [INFO ] [org.apache.coyote.http11.Http11NioProtocol:173] -- Starting ProtocolHandler ["http-nio-8096"]
[2020-04-13 20:37:38] [INFO ] [org.springframework.boot.web.embedded.tomcat.TomcatWebServer:204] -- Tomcat started on port(s): 8096 (http) with context path ''
[2020-04-13 20:37:38] [INFO ] [com.creams.temo.temoWebApplication:61] -- Started temoWebApplication in 3.395 seconds (JVM running for 4.151)
[2020-04-13 20:37:52] [INFO ] [org.apache.catalina.core.ContainerBase.[Tomcat].[localhost].[/]:173] -- Initializing Spring DispatcherServlet 'dispatcherServlet'
[2020-04-13 20:37:52] [INFO ] [org.springframework.web.servlet.DispatcherServlet:525] -- Initializing Servlet 'dispatcherServlet'
[2020-04-13 20:37:52] [INFO ] [org.springframework.web.servlet.DispatcherServlet:547] -- Completed initialization in 10 ms
[2020-04-13 20:38:12] [INFO ] [com.alibaba.druid.pool.DruidDataSource:106] -- {dataSource-1} inited
[2020-04-13 20:38:15] [INFO ] [com.creams.temo.controller.LoginController:50] -- 登入成功
[2020-04-13 20:40:40] [INFO ] [com.creams.temo.controller.LoginController:50] -- 登入成功
[2020-04-13 20:45:12] [INFO ] [com.creams.temo.controller.LoginController:50] -- 登入成功
[2020-04-13 20:48:40] [INFO ] [org.springframework.scheduling.concurrent.ThreadPoolTaskExecutor:218] -- Shutting down ExecutorService 'applicationTaskExecutor'
[2020-04-13 20:48:40] [INFO ] [com.alibaba.druid.pool.DruidDataSource:106] -- {dataSource-1} closed
[2020-04-13 20:48:47] [INFO ] [com.creams.temo.temoWebApplication:55] -- Starting temoWebApplication on haoqiang with PID 18850 (/Users/zhenghaoqiang/aojiang/myproject/temonewserver/temo-web/target/classes started by zhenghaoqiang in /Users/zhenghaoqiang/aojiang/myproject/temonewserver)
[2020-04-13 20:48:47] [INFO ] [com.creams.temo.temoWebApplication:651] -- No active profile set, falling back to default profiles: default
[2020-04-13 20:48:48] [INFO ] [org.springframework.context.support.PostProcessorRegistrationDelegate$BeanPostProcessorChecker:330] -- Bean 'shiroConfig' of type [com.creams.temo.config.ShiroConfig$$EnhancerBySpringCGLIB$$4f247776] is not eligible for getting processed by all BeanPostProcessors (for example: not eligible for auto-proxying)
[2020-04-13 20:48:48] [INFO ] [org.springframework.context.support.PostProcessorRegistrationDelegate$BeanPostProcessorChecker:330] -- Bean 'mybatis-org.mybatis.spring.boot.autoconfigure.MybatisProperties' of type [org.mybatis.spring.boot.autoconfigure.MybatisProperties] is not eligible for getting processed by all BeanPostProcessors (for example: not eligible for auto-proxying)
[2020-04-13 20:48:48] [INFO ] [org.springframework.context.support.PostProcessorRegistrationDelegate$BeanPostProcessorChecker:330] -- Bean 'org.mybatis.spring.boot.autoconfigure.MybatisAutoConfiguration' of type [org.mybatis.spring.boot.autoconfigure.MybatisAutoConfiguration$$EnhancerBySpringCGLIB$$38a8fbef] is not eligible for getting processed by all BeanPostProcessors (for example: not eligible for auto-proxying)
[2020-04-13 20:48:48] [INFO ] [org.springframework.context.support.PostProcessorRegistrationDelegate$BeanPostProcessorChecker:330] -- Bean 'org.springframework.boot.autoconfigure.jdbc.DataSourceConfiguration$Generic' of type [org.springframework.boot.autoconfigure.jdbc.DataSourceConfiguration$Generic] is not eligible for getting processed by all BeanPostProcessors (for example: not eligible for auto-proxying)
[2020-04-13 20:48:48] [INFO ] [org.springframework.context.support.PostProcessorRegistrationDelegate$BeanPostProcessorChecker:330] -- Bean 'spring.datasource-org.springframework.boot.autoconfigure.jdbc.DataSourceProperties' of type [org.springframework.boot.autoconfigure.jdbc.DataSourceProperties] is not eligible for getting processed by all BeanPostProcessors (for example: not eligible for auto-proxying)
[2020-04-13 20:48:49] [INFO ] [org.springframework.context.support.PostProcessorRegistrationDelegate$BeanPostProcessorChecker:330] -- Bean 'dataSource' of type [com.alibaba.druid.pool.DruidDataSource] is not eligible for getting processed by all BeanPostProcessors (for example: not eligible for auto-proxying)
[2020-04-13 20:48:49] [INFO ] [org.springframework.context.support.PostProcessorRegistrationDelegate$BeanPostProcessorChecker:330] -- Bean 'sqlSessionFactory' of type [org.apache.ibatis.session.defaults.DefaultSqlSessionFactory] is not eligible for getting processed by all BeanPostProcessors (for example: not eligible for auto-proxying)
[2020-04-13 20:48:49] [INFO ] [org.springframework.context.support.PostProcessorRegistrationDelegate$BeanPostProcessorChecker:330] -- Bean 'sqlSessionTemplate' of type [org.mybatis.spring.SqlSessionTemplate] is not eligible for getting processed by all BeanPostProcessors (for example: not eligible for auto-proxying)
[2020-04-13 20:48:49] [INFO ] [org.springframework.context.support.PostProcessorRegistrationDelegate$BeanPostProcessorChecker:330] -- Bean 'userMapper' of type [org.mybatis.spring.mapper.MapperFactoryBean] is not eligible for getting processed by all BeanPostProcessors (for example: not eligible for auto-proxying)
[2020-04-13 20:48:49] [INFO ] [org.springframework.context.support.PostProcessorRegistrationDelegate$BeanPostProcessorChecker:330] -- Bean 'userMapper' of type [com.sun.proxy.$Proxy63] is not eligible for getting processed by all BeanPostProcessors (for example: not eligible for auto-proxying)
[2020-04-13 20:48:49] [INFO ] [org.springframework.context.support.PostProcessorRegistrationDelegate$BeanPostProcessorChecker:330] -- Bean 'permissionsMapper' of type [org.mybatis.spring.mapper.MapperFactoryBean] is not eligible for getting processed by all BeanPostProcessors (for example: not eligible for auto-proxying)
[2020-04-13 20:48:49] [INFO ] [org.springframework.context.support.PostProcessorRegistrationDelegate$BeanPostProcessorChecker:330] -- Bean 'permissionsMapper' of type [com.sun.proxy.$Proxy64] is not eligible for getting processed by all BeanPostProcessors (for example: not eligible for auto-proxying)
[2020-04-13 20:48:49] [INFO ] [org.springframework.context.support.PostProcessorRegistrationDelegate$BeanPostProcessorChecker:330] -- Bean 'roleMapper' of type [org.mybatis.spring.mapper.MapperFactoryBean] is not eligible for getting processed by all BeanPostProcessors (for example: not eligible for auto-proxying)
[2020-04-13 20:48:49] [INFO ] [org.springframework.context.support.PostProcessorRegistrationDelegate$BeanPostProcessorChecker:330] -- Bean 'roleMapper' of type [com.sun.proxy.$Proxy65] is not eligible for getting processed by all BeanPostProcessors (for example: not eligible for auto-proxying)
[2020-04-13 20:48:49] [INFO ] [org.springframework.context.support.PostProcessorRegistrationDelegate$BeanPostProcessorChecker:330] -- Bean 'userServerImpl' of type [com.creams.temo.biz.bizImpl.UserServerImpl] is not eligible for getting processed by all BeanPostProcessors (for example: not eligible for auto-proxying)
[2020-04-13 20:48:49] [INFO ] [org.springframework.context.support.PostProcessorRegistrationDelegate$BeanPostProcessorChecker:330] -- Bean 'myShiroRealm' of type [com.creams.temo.util.CustomRealm] is not eligible for getting processed by all BeanPostProcessors (for example: not eligible for auto-proxying)
[2020-04-13 20:48:49] [INFO ] [org.springframework.context.support.PostProcessorRegistrationDelegate$BeanPostProcessorChecker:330] -- Bean 'securityManager' of type [org.apache.shiro.web.mgt.DefaultWebSecurityManager] is not eligible for getting processed by all BeanPostProcessors (for example: not eligible for auto-proxying)
[2020-04-13 20:48:49] [INFO ] [org.springframework.context.support.PostProcessorRegistrationDelegate$BeanPostProcessorChecker:330] -- Bean 'authorizationAttributeSourceAdvisor' of type [org.apache.shiro.spring.security.interceptor.AuthorizationAttributeSourceAdvisor] is not eligible for getting processed by all BeanPostProcessors (for example: not eligible for auto-proxying)
[2020-04-13 20:48:49] [INFO ] [org.springframework.boot.web.embedded.tomcat.TomcatWebServer:92] -- Tomcat initialized with port(s): 8096 (http)
[2020-04-13 20:48:49] [INFO ] [org.apache.coyote.http11.Http11NioProtocol:173] -- Initializing ProtocolHandler ["http-nio-8096"]
[2020-04-13 20:48:49] [INFO ] [org.apache.catalina.core.StandardService:173] -- Starting service [Tomcat]
[2020-04-13 20:48:49] [INFO ] [org.apache.catalina.core.StandardEngine:173] -- Starting Servlet engine: [Apache Tomcat/9.0.33]
[2020-04-13 20:48:49] [INFO ] [org.apache.catalina.core.ContainerBase.[Tomcat].[localhost].[/]:173] -- Initializing Spring embedded WebApplicationContext
[2020-04-13 20:48:49] [INFO ] [org.springframework.web.context.ContextLoader:284] -- Root WebApplicationContext: initialization completed in 1684 ms
[2020-04-13 20:48:49] [INFO ] [org.springframework.scheduling.concurrent.ThreadPoolTaskExecutor:181] -- Initializing ExecutorService 'applicationTaskExecutor'
[2020-04-13 20:48:50] [INFO ] [org.apache.coyote.http11.Http11NioProtocol:173] -- Starting ProtocolHandler ["http-nio-8096"]
[2020-04-13 20:48:50] [INFO ] [org.springframework.boot.web.embedded.tomcat.TomcatWebServer:204] -- Tomcat started on port(s): 8096 (http) with context path ''
[2020-04-13 20:48:50] [INFO ] [com.creams.temo.temoWebApplication:61] -- Started temoWebApplication in 3.023 seconds (JVM running for 3.702)
[2020-04-13 20:50:08] [INFO ] [org.apache.catalina.core.ContainerBase.[Tomcat].[localhost].[/]:173] -- Initializing Spring DispatcherServlet 'dispatcherServlet'
[2020-04-13 20:50:08] [INFO ] [org.springframework.web.servlet.DispatcherServlet:525] -- Initializing Servlet 'dispatcherServlet'
[2020-04-13 20:50:08] [INFO ] [org.springframework.web.servlet.DispatcherServlet:547] -- Completed initialization in 9 ms
[2020-04-13 20:50:28] [INFO ] [com.alibaba.druid.pool.DruidDataSource:106] -- {dataSource-1} inited
[2020-04-13 20:50:30] [INFO ] [com.creams.temo.controller.LoginController:50] -- 登入成功
[2020-04-13 20:50:51] [INFO ] [org.springframework.scheduling.concurrent.ThreadPoolTaskExecutor:218] -- Shutting down ExecutorService 'applicationTaskExecutor'
[2020-04-13 20:50:51] [INFO ] [com.alibaba.druid.pool.DruidDataSource:106] -- {dataSource-1} closed
[2020-04-13 20:50:55] [INFO ] [com.creams.temo.temoWebApplication:55] -- Starting temoWebApplication on haoqiang with PID 18885 (/Users/zhenghaoqiang/aojiang/myproject/temonewserver/temo-web/target/classes started by zhenghaoqiang in /Users/zhenghaoqiang/aojiang/myproject/temonewserver)
[2020-04-13 20:50:56] [INFO ] [com.creams.temo.temoWebApplication:651] -- No active profile set, falling back to default profiles: default
[2020-04-13 20:50:56] [INFO ] [org.springframework.context.support.PostProcessorRegistrationDelegate$BeanPostProcessorChecker:330] -- Bean 'shiroConfig' of type [com.creams.temo.config.ShiroConfig$$EnhancerBySpringCGLIB$$93bfb33d] is not eligible for getting processed by all BeanPostProcessors (for example: not eligible for auto-proxying)
[2020-04-13 20:50:57] [INFO ] [org.springframework.context.support.PostProcessorRegistrationDelegate$BeanPostProcessorChecker:330] -- Bean 'mybatis-org.mybatis.spring.boot.autoconfigure.MybatisProperties' of type [org.mybatis.spring.boot.autoconfigure.MybatisProperties] is not eligible for getting processed by all BeanPostProcessors (for example: not eligible for auto-proxying)
[2020-04-13 20:50:57] [INFO ] [org.springframework.context.support.PostProcessorRegistrationDelegate$BeanPostProcessorChecker:330] -- Bean 'org.mybatis.spring.boot.autoconfigure.MybatisAutoConfiguration' of type [org.mybatis.spring.boot.autoconfigure.MybatisAutoConfiguration$$EnhancerBySpringCGLIB$$7d4437b6] is not eligible for getting processed by all BeanPostProcessors (for example: not eligible for auto-proxying)
[2020-04-13 20:50:57] [INFO ] [org.springframework.context.support.PostProcessorRegistrationDelegate$BeanPostProcessorChecker:330] -- Bean 'org.springframework.boot.autoconfigure.jdbc.DataSourceConfiguration$Generic' of type [org.springframework.boot.autoconfigure.jdbc.DataSourceConfiguration$Generic] is not eligible for getting processed by all BeanPostProcessors (for example: not eligible for auto-proxying)
[2020-04-13 20:50:57] [INFO ] [org.springframework.context.support.PostProcessorRegistrationDelegate$BeanPostProcessorChecker:330] -- Bean 'spring.datasource-org.springframework.boot.autoconfigure.jdbc.DataSourceProperties' of type [org.springframework.boot.autoconfigure.jdbc.DataSourceProperties] is not eligible for getting processed by all BeanPostProcessors (for example: not eligible for auto-proxying)
[2020-04-13 20:50:57] [INFO ] [org.springframework.context.support.PostProcessorRegistrationDelegate$BeanPostProcessorChecker:330] -- Bean 'dataSource' of type [com.alibaba.druid.pool.DruidDataSource] is not eligible for getting processed by all BeanPostProcessors (for example: not eligible for auto-proxying)
[2020-04-13 20:50:57] [INFO ] [org.springframework.context.support.PostProcessorRegistrationDelegate$BeanPostProcessorChecker:330] -- Bean 'sqlSessionFactory' of type [org.apache.ibatis.session.defaults.DefaultSqlSessionFactory] is not eligible for getting processed by all BeanPostProcessors (for example: not eligible for auto-proxying)
[2020-04-13 20:50:57] [INFO ] [org.springframework.context.support.PostProcessorRegistrationDelegate$BeanPostProcessorChecker:330] -- Bean 'sqlSessionTemplate' of type [org.mybatis.spring.SqlSessionTemplate] is not eligible for getting processed by all BeanPostProcessors (for example: not eligible for auto-proxying)
[2020-04-13 20:50:57] [INFO ] [org.springframework.context.support.PostProcessorRegistrationDelegate$BeanPostProcessorChecker:330] -- Bean 'userMapper' of type [org.mybatis.spring.mapper.MapperFactoryBean] is not eligible for getting processed by all BeanPostProcessors (for example: not eligible for auto-proxying)
[2020-04-13 20:50:57] [INFO ] [org.springframework.context.support.PostProcessorRegistrationDelegate$BeanPostProcessorChecker:330] -- Bean 'userMapper' of type [com.sun.proxy.$Proxy63] is not eligible for getting processed by all BeanPostProcessors (for example: not eligible for auto-proxying)
[2020-04-13 20:50:57] [INFO ] [org.springframework.context.support.PostProcessorRegistrationDelegate$BeanPostProcessorChecker:330] -- Bean 'permissionsMapper' of type [org.mybatis.spring.mapper.MapperFactoryBean] is not eligible for getting processed by all BeanPostProcessors (for example: not eligible for auto-proxying)
[2020-04-13 20:50:57] [INFO ] [org.springframework.context.support.PostProcessorRegistrationDelegate$BeanPostProcessorChecker:330] -- Bean 'permissionsMapper' of type [com.sun.proxy.$Proxy64] is not eligible for getting processed by all BeanPostProcessors (for example: not eligible for auto-proxying)
[2020-04-13 20:50:57] [INFO ] [org.springframework.context.support.PostProcessorRegistrationDelegate$BeanPostProcessorChecker:330] -- Bean 'roleMapper' of type [org.mybatis.spring.mapper.MapperFactoryBean] is not eligible for getting processed by all BeanPostProcessors (for example: not eligible for auto-proxying)
[2020-04-13 20:50:57] [INFO ] [org.springframework.context.support.PostProcessorRegistrationDelegate$BeanPostProcessorChecker:330] -- Bean 'roleMapper' of type [com.sun.proxy.$Proxy65] is not eligible for getting processed by all BeanPostProcessors (for example: not eligible for auto-proxying)
[2020-04-13 20:50:57] [INFO ] [org.springframework.context.support.PostProcessorRegistrationDelegate$BeanPostProcessorChecker:330] -- Bean 'userServerImpl' of type [com.creams.temo.biz.bizImpl.UserServerImpl] is not eligible for getting processed by all BeanPostProcessors (for example: not eligible for auto-proxying)
[2020-04-13 20:50:57] [INFO ] [org.springframework.context.support.PostProcessorRegistrationDelegate$BeanPostProcessorChecker:330] -- Bean 'myShiroRealm' of type [com.creams.temo.util.CustomRealm] is not eligible for getting processed by all BeanPostProcessors (for example: not eligible for auto-proxying)
[2020-04-13 20:50:57] [INFO ] [org.springframework.context.support.PostProcessorRegistrationDelegate$BeanPostProcessorChecker:330] -- Bean 'securityManager' of type [org.apache.shiro.web.mgt.DefaultWebSecurityManager] is not eligible for getting processed by all BeanPostProcessors (for example: not eligible for auto-proxying)
[2020-04-13 20:50:57] [INFO ] [org.springframework.context.support.PostProcessorRegistrationDelegate$BeanPostProcessorChecker:330] -- Bean 'authorizationAttributeSourceAdvisor' of type [org.apache.shiro.spring.security.interceptor.AuthorizationAttributeSourceAdvisor] is not eligible for getting processed by all BeanPostProcessors (for example: not eligible for auto-proxying)
[2020-04-13 20:50:57] [INFO ] [org.springframework.boot.web.embedded.tomcat.TomcatWebServer:92] -- Tomcat initialized with port(s): 8096 (http)
[2020-04-13 20:50:57] [INFO ] [org.apache.coyote.http11.Http11NioProtocol:173] -- Initializing ProtocolHandler ["http-nio-8096"]
[2020-04-13 20:50:57] [INFO ] [org.apache.catalina.core.StandardService:173] -- Starting service [Tomcat]
[2020-04-13 20:50:57] [INFO ] [org.apache.catalina.core.StandardEngine:173] -- Starting Servlet engine: [Apache Tomcat/9.0.33]
[2020-04-13 20:50:57] [INFO ] [org.apache.catalina.core.ContainerBase.[Tomcat].[localhost].[/]:173] -- Initializing Spring embedded WebApplicationContext
[2020-04-13 20:50:57] [INFO ] [org.springframework.web.context.ContextLoader:284] -- Root WebApplicationContext: initialization completed in 1777 ms
[2020-04-13 20:50:58] [INFO ] [org.springframework.scheduling.concurrent.ThreadPoolTaskExecutor:181] -- Initializing ExecutorService 'applicationTaskExecutor'
[2020-04-13 20:50:58] [INFO ] [org.apache.coyote.http11.Http11NioProtocol:173] -- Starting ProtocolHandler ["http-nio-8096"]
[2020-04-13 20:50:58] [INFO ] [org.springframework.boot.web.embedded.tomcat.TomcatWebServer:204] -- Tomcat started on port(s): 8096 (http) with context path ''
[2020-04-13 20:50:58] [INFO ] [com.creams.temo.temoWebApplication:61] -- Started temoWebApplication in 3.174 seconds (JVM running for 3.86)
[2020-04-13 20:51:19] [INFO ] [org.apache.catalina.core.ContainerBase.[Tomcat].[localhost].[/]:173] -- Initializing Spring DispatcherServlet 'dispatcherServlet'
[2020-04-13 20:51:19] [INFO ] [org.springframework.web.servlet.DispatcherServlet:525] -- Initializing Servlet 'dispatcherServlet'
[2020-04-13 20:51:19] [INFO ] [org.springframework.web.servlet.DispatcherServlet:547] -- Completed initialization in 10 ms
[2020-04-13 20:51:27] [INFO ] [com.alibaba.druid.pool.DruidDataSource:106] -- {dataSource-1} inited
[2020-04-13 20:51:57] [INFO ] [com.creams.temo.controller.LoginController:50] -- 登入成功
[2020-04-13 20:53:12] [INFO ] [com.creams.temo.controller.LoginController:50] -- 登入成功
[2020-04-13 20:53:52] [INFO ] [org.springframework.scheduling.concurrent.ThreadPoolTaskExecutor:218] -- Shutting down ExecutorService 'applicationTaskExecutor'
[2020-04-13 20:53:52] [INFO ] [com.alibaba.druid.pool.DruidDataSource:106] -- {dataSource-1} closed
